C51 COMPILER V9.01   发送                                                                  08/12/2020 09:36:03 PAGE 1   


C51 COMPILER V9.01, COMPILATION OF MODULE 发送
OBJECT MODULE PLACED IN 发送.OBJ
COMPILER INVOKED BY: D:\KEIL\C51\BIN\C51.EXE 发送.c BROWSE DEBUG OBJECTEXTEND

line level    source

   1          #include<reg52.h>
   2          #define uint unsigned int
   3          #include<UART.h>
   4          unsigned char  sec=0x00;
   5          void delay(unsigned int a)
   6          {
   7   1          unsigned int i,j;
   8   1          for(i=0;i<a;i++)
   9   1              for(j=0;j<120;j++);
  10   1      }
  11          
  12          void main()
  13          {       
  14   1         UART_Init();
  15   1        
  16   1         while(1)
  17   1         {
  18   2                   
  19   2         }
  20   1         }
  21             void UART_Routine() interrupt 4      //中断服务函数
  22             {
  23   1         if(RI==1)   //如果是接收中断
  24   1         { 
  25   2                P2=~SBUF;
  26   2                UART_SendByte(SBUF);
  27   2                RI=0;
  28   2         }
  29   1         }


MODULE INFORMATION:   STATIC OVERLAYABLE
   CODE SIZE        =    108    ----
   CONSTANT SIZE    =   ----    ----
   XDATA SIZE       =   ----    ----
   PDATA SIZE       =   ----    ----
   DATA SIZE        =      1    ----
   IDATA SIZE       =   ----    ----
   BIT SIZE         =   ----    ----
END OF MODULE INFORMATION.


C51 COMPILATION COMPLETE.  0 WARNING(S),  0 ERROR(S)
