C51 COMPILER V9.54   MAIN                                                                  09/01/2020 15:55:04 PAGE 1   


C51 COMPILER V9.54, COMPILATION OF MODULE MAIN
OBJECT MODULE PLACED IN .\Objects\main.obj
COMPILER INVOKED BY: D:\keil5\C51\BIN\C51.EXE main.c OPTIMIZE(8,SPEED) BROWSE DEBUG OBJECTEXTEND PRINT(.\Listings\main.l
                    -st) TABS(2) OBJECT(.\Objects\main.obj)

line level    source

   1          #include <REGX52.H>
   2          #include "LCD1602.h"
   3          #include "OneWire.h"
   4          #include "DS18B20.h"
   5          #include "delay.h"
   6          
   7          float t;
   8          void main()
   9          {        DS18B20_ConvertT();
  10   1      delay(800);
  11   1          LCD_Init();
  12   1        LCD_ShowString(1,1,"temperature:");
  13   1      //  ackt=OneWire_Init();
  14   1      //  LCD_ShowNum(2,1,ackt,3);
  15   1            while(1)
  16   1           { 
  17   2             DS18B20_ConvertT();
  18   2             t=DS18B20_ReadT();
  19   2             if(t<0)
  20   2               {LCD_ShowChar(2,1,'-');   t=-t;}
  21   2            
  22   2             else {LCD_ShowChar(2,1,'+');}
  23   2             LCD_ShowNum(2,2,t,3);
  24   2             LCD_ShowChar(2,5,'.');
  25   2             LCD_ShowNum(2,6,(unsigned long)(t*10000)%10000,4);
  26   2             
  27   2             }
  28   1      }
  29          


MODULE INFORMATION:   STATIC OVERLAYABLE
   CODE SIZE        =    176    ----
   CONSTANT SIZE    =     13    ----
   XDATA SIZE       =   ----    ----
   PDATA SIZE       =   ----    ----
   DATA SIZE        =      4    ----
   IDATA SIZE       =   ----    ----
   BIT SIZE         =   ----    ----
END OF MODULE INFORMATION.


C51 COMPILATION COMPLETE.  0 WARNING(S),  0 ERROR(S)
