C51 COMPILER V9.54   ONEWIRE                                                               09/01/2020 15:55:04 PAGE 1   


C51 COMPILER V9.54, COMPILATION OF MODULE ONEWIRE
OBJECT MODULE PLACED IN .\Objects\OneWire.obj
COMPILER INVOKED BY: D:\keil5\C51\BIN\C51.EXE OneWire.c OPTIMIZE(8,SPEED) BROWSE DEBUG OBJECTEXTEND PRINT(.\Listings\One
                    -Wire.lst) TABS(2) OBJECT(.\Objects\OneWire.obj)

line level    source

   1          #include <REGX52.H>
   2          sbit OneWire_DQ=P3^7;
   3          unsigned char OneWire_Init()
   4          { 
   5   1        unsigned char i,ack;
   6   1        OneWire_DQ=1;
   7   1        OneWire_DQ=0;
   8   1        i = 247;
   9   1        while (--i);
  10   1        OneWire_DQ=1;
  11   1        i = 32;
  12   1        while (--i);
  13   1       ack=OneWire_DQ;
  14   1          i = 247;
  15   1        while (--i);
  16   1        return ack;
  17   1      }
  18          void OneWire_SendBit(unsigned char b)
  19          {unsigned char i;
  20   1        OneWire_DQ=0;
  21   1            i=4;
  22   1        while (--i);
  23   1          OneWire_DQ=b;
  24   1        i = 24;
  25   1        while (--i);
  26   1            OneWire_DQ=1;
  27   1      }
  28          unsigned char OneWire_ReceiveBit()
  29          {
  30   1       unsigned char i,b;
  31   1          OneWire_DQ=0;
  32   1        i = 2;
  33   1        while (--i);
  34   1            OneWire_DQ=1;
  35   1        i = 2;
  36   1        while (--i);
  37   1            b=OneWire_DQ;
  38   1          i = 24;
  39   1        while (--i);
  40   1      return b;
  41   1      }
  42          void OneWire_SendByte(unsigned char Byte)
  43          { 
  44   1        unsigned char i;
  45   1        for(i=0;i<8;i++)
  46   1        {
  47   2        OneWire_SendBit(Byte&(0x01<<i));
  48   2        }
  49   1      }
  50          unsigned char OneWire_ReceiveByte()
  51          {
  52   1      unsigned char i;
  53   1      unsigned char Byte=0x00;
  54   1      for(i=0;i<8;i++)
C51 COMPILER V9.54   ONEWIRE                                                               09/01/2020 15:55:04 PAGE 2   

  55   1      {
  56   2      if(OneWire_ReceiveBit()) {Byte|=(0x01<<i);}
  57   2      }
  58   1      return Byte;
  59   1      
  60   1      }
  61          
  62          
  63          
  64          
  65          
  66          
  67          


MODULE INFORMATION:   STATIC OVERLAYABLE
   CODE SIZE        =    122    ----
   CONSTANT SIZE    =   ----    ----
   XDATA SIZE       =   ----    ----
   PDATA SIZE       =   ----    ----
   DATA SIZE        =   ----    ----
   IDATA SIZE       =   ----    ----
   BIT SIZE         =   ----    ----
END OF MODULE INFORMATION.


C51 COMPILATION COMPLETE.  0 WARNING(S),  0 ERROR(S)
