C51 COMPILER V9.54   MAIN                                                                  08/26/2020 10:41:24 PAGE 1   


C51 COMPILER V9.54, COMPILATION OF MODULE MAIN
OBJECT MODULE PLACED IN .\Objects\MAIN.obj
COMPILER INVOKED BY: D:\keil5\C51\BIN\C51.EXE MAIN.c OPTIMIZE(8,SPEED) BROWSE DEBUG OBJECTEXTEND PRINT(.\Listings\MAIN.l
                    -st) TABS(2) OBJECT(.\Objects\MAIN.obj)

line level    source

   1          #include <REGX52.H>
   2          #include "key.h"
   3          #include "xs.h"
   4          #include "delay.h"
   5          #include "bz.h"
   6          
   7          unsigned char keyn;
   8          void main()
   9          {     sx(1,0);
  10   1            while(1)
  11   1           {
  12   2            keyn=key();
  13   2             if(keyn)
  14   2             { 
  15   3              bztime(100);
  16   3             sx(1,keyn);
  17   3               
  18   3             }
  19   2            }
  20   1      }
  21          
  22          


MODULE INFORMATION:   STATIC OVERLAYABLE
   CODE SIZE        =     36    ----
   CONSTANT SIZE    =   ----    ----
   XDATA SIZE       =   ----    ----
   PDATA SIZE       =   ----    ----
   DATA SIZE        =      1    ----
   IDATA SIZE       =   ----    ----
   BIT SIZE         =   ----    ----
END OF MODULE INFORMATION.


C51 COMPILATION COMPLETE.  0 WARNING(S),  0 ERROR(S)
