C51 COMPILER V9.54   XS                                                                    08/26/2020 10:41:24 PAGE 1   


C51 COMPILER V9.54, COMPILATION OF MODULE XS
OBJECT MODULE PLACED IN .\Objects\xs.obj
COMPILER INVOKED BY: D:\keil5\C51\BIN\C51.EXE xs.c OPTIMIZE(8,SPEED) BROWSE DEBUG OBJECTEXTEND PRINT(.\Listings\xs.lst) 
                    -TABS(2) OBJECT(.\Objects\xs.obj)

line level    source

   1          #include <REGX52.H>
   2          #include "delay.h"
   3          
   4          unsigned char xx[]={0x3f,0x06,0x5b,0x4f,0x66,0x6d,0x7d,0x07,0x7f,0x6f,0x77,0x7c,0x39,0x5e,0x79,0x71,0x00};
   5          void sx(unsigned char x,y)
   6          {
   7   1           switch(x)
   8   1         {
   9   2           case 1:P2_4=1;P2_3=1;P2_2=1; break;
  10   2           case 2:P2_4=1;P2_3=1;P2_2=0; break;
  11   2           case 3:P2_4=1;P2_3=0;P2_2=1; break;
  12   2      case 4:P2_4=1;P2_3=0;P2_2=0; break;
  13   2      case 5:P2_4=0;P2_3=1;P2_2=1; break;
  14   2      case 6:P2_4=0;P2_3=1;P2_2=0; break;
  15   2      case 7: P2_4=0;P2_3=0;P2_2=1; break;
  16   2      case 8:P2_4=0;P2_3=0;P2_2=0; break;
  17   2              }
  18   1        P0=xx[y];
  19   1      //  delay(1);
  20   1      //  P0=0x00;
  21   1        }
  22          //void main()
  23          //{  
  24          //while(1)
  25          //{
  26          //  sx(1,1);
  27          //  delay(2);
  28          //  sx(2,2);
  29          //   delay(2);
  30          //  sx(3,3);
  31          //   delay(2);
  32          //}
  33          //}
  34             


MODULE INFORMATION:   STATIC OVERLAYABLE
   CODE SIZE        =     99    ----
   CONSTANT SIZE    =   ----    ----
   XDATA SIZE       =   ----    ----
   PDATA SIZE       =   ----    ----
   DATA SIZE        =     17    ----
   IDATA SIZE       =   ----    ----
   BIT SIZE         =   ----    ----
END OF MODULE INFORMATION.


C51 COMPILATION COMPLETE.  0 WARNING(S),  0 ERROR(S)
