C51 COMPILER V9.00   DELAY                                                                 06/30/2021 16:30:54 PAGE 1   


C51 COMPILER V9.00, COMPILATION OF MODULE DELAY
OBJECT MODULE PLACED IN .\Objects\delay.obj
COMPILER INVOKED BY: D:\C51\BIN\C51.EXE delay.c BROWSE DEBUG OBJECTEXTEND PRINT(.\Listings\delay.lst) OBJECT(.\Objects\d
                    -elay.obj)

line level    source

   1          void delay(unsigned int x)              //@12.000MHz 1ms
   2          {
   3   1              unsigned char i, j;
   4   1          while(x--)
   5   1              {
   6   2              i = 2;
   7   2              j = 239;
   8   2              do
   9   2              {
  10   3                      while (--j);
  11   3              } while (--i);
  12   2              }
  13   1      }


MODULE INFORMATION:   STATIC OVERLAYABLE
   CODE SIZE        =     21    ----
   CONSTANT SIZE    =   ----    ----
   XDATA SIZE       =   ----    ----
   PDATA SIZE       =   ----    ----
   DATA SIZE        =   ----    ----
   IDATA SIZE       =   ----    ----
   BIT SIZE         =   ----    ----
END OF MODULE INFORMATION.


C51 COMPILATION COMPLETE.  0 WARNING(S),  0 ERROR(S)
