C51 COMPILER V9.00   MAIN                                                                  06/30/2021 16:30:54 PAGE 1   


C51 COMPILER V9.00, COMPILATION OF MODULE MAIN
OBJECT MODULE PLACED IN .\Objects\main.obj
COMPILER INVOKED BY: D:\C51\BIN\C51.EXE main.c BROWSE DEBUG OBJECTEXTEND PRINT(.\Listings\main.lst) OBJECT(.\Objects\mai
                    -n.obj)

line level    source

   1          #include <REGX52.H>
   2          #include "delay.h"
   3          #include "LCD1602.h"
   4          #include "16key.h"
   5          unsigned char key;
   6          unsigned int pass;
   7          unsigned int pass_1=3434;
   8          unsigned int count;
   9          int j=5;
  10          sbit bz=P1^5;
  11          
  12          void bz500us()    //@12.000MHz
  13          {
  14   1         unsigned char i;
  15   1      
  16   1        
  17   1         i = 500;
  18   1         while (--i);
  19   1      }
  20          
  21          void bztime(unsigned int ms)
  22          {       unsigned int i;
  23   1                     for(i=0;i<ms*2;i++)
  24   1                   {bz=!bz; bz500us();}
  25   1      
  26   1      }
  27          
  28          void main()
  29          { 
  30   1              LCD_Init();
  31   1              LCD_ShowString(1,1,"LOCK");
  32   1              while(1)
  33   1              {
  34   2                      key=key16();
  35   2                      if(key)
  36   2                      {
  37   3                              if(key<=10)
  38   3                              { if(count<4)
  39   4                                      {
  40   5                                      pass*=10;
  41   5                                      pass+=key%10;
  42   5                                      }
  43   4                                      count++;
  44   4                                      if(j<=4)
  45   4                                      {
  46   5                                       LCD_ShowString(1,10,"  INPUT");
  47   5                                      pass_1=pass;
  48   5                                      j++;
  49   5                                      }
  50   4                              }
  51   3                              LCD_ShowNum(2,1,pass,4);
  52   3                              
  53   3              }
  54   2                      if(key==13)
C51 COMPILER V9.00   MAIN                                                                  06/30/2021 16:30:54 PAGE 2   

  55   2                      {
  56   3                              j=1;
  57   3                              LCD_ShowString(1,10,"  REDDY");
  58   3                              
  59   3                              pass=0;
  60   3                              count=0;
  61   3                              LCD_ShowNum(2,1,0000,4);
  62   3                      }
  63   2                      if(key==11)
  64   2                      {
  65   3                              if((pass==1234)||(pass==pass_1))
  66   3                              {
  67   4                                      LCD_ShowString(1,10,"SUCCESS");
  68   4                                      pass=0;
  69   4                                      count=0;
  70   4                                      LCD_ShowNum(2,1,pass,4);
  71   4                                      bztime(1400);
  72   4      
  73   4                              }
  74   3                              else
  75   3                              {
  76   4                                      LCD_ShowString(1,10,"  ERROR");
  77   4                                      
  78   4                                      pass=0;
  79   4                                      count=0;
  80   4                                      LCD_ShowNum(2,1,pass,4);
  81   4                              }
  82   3                      }
  83   2                      if(key==12)
  84   2                      {
  85   3                              LCD_ShowString(1,10,"LOCKING");
  86   3                              pass=0;
  87   3                              count=0;
  88   3                              LCD_ShowNum(2,1,pass,4);
  89   3                      }
  90   2              
  91   2      }
  92   1              }
  93          


MODULE INFORMATION:   STATIC OVERLAYABLE
   CODE SIZE        =    378    ----
   CONSTANT SIZE    =     45    ----
   XDATA SIZE       =   ----    ----
   PDATA SIZE       =   ----    ----
   DATA SIZE        =      9    ----
   IDATA SIZE       =   ----    ----
   BIT SIZE         =   ----    ----
END OF MODULE INFORMATION.


C51 COMPILATION COMPLETE.  0 WARNING(S),  0 ERROR(S)
