C51 COMPILER V9.60.0.0   ONEWIRE                                                           06/30/2021 18:16:56 PAGE 1   


C51 COMPILER V9.60.0.0, COMPILATION OF MODULE ONEWIRE
OBJECT MODULE PLACED IN .\Objects\OneWire.obj
COMPILER INVOKED BY: C:\Keil_v5\C51\BIN\C51.EXE OneWire.c OPTIMIZE(8,SPEED) BROWSE DEBUG OBJECTEXTEND PRINT(.\Listings\O
                    -neWire.lst) TABS(2) OBJECT(.\Objects\OneWire.obj)

line level    source

   1          #include <REGX52.H>
   2          #include "timer0.h"
   3          sbit OneWire_DQ=P3^7;
   4          unsigned char OneWire_Init()
   5          { 
   6   1        unsigned char i,ack;
   7   1        EA=0;
   8   1        OneWire_DQ=1;
   9   1        OneWire_DQ=0;
  10   1        i = 247;
  11   1        while (--i);
  12   1        OneWire_DQ=1;
  13   1        i = 32;
  14   1        while (--i);
  15   1       ack=OneWire_DQ;
  16   1          i = 247;
  17   1        while (--i);
  18   1          EA=1;
  19   1        return ack;
  20   1      
  21   1      }
  22          void OneWire_SendBit(unsigned char b)
  23          {
  24   1        unsigned char i;
  25   1        OneWire_DQ=0;
  26   1            i=4;
  27   1         EA=0;
  28   1        while (--i);
  29   1          OneWire_DQ=b;
  30   1        i = 24;
  31   1        while (--i);
  32   1            OneWire_DQ=1;
  33   1        EA=1;
  34   1      }
  35          unsigned char OneWire_ReceiveBit()
  36          {
  37   1       unsigned char i,b;
  38   1          OneWire_DQ=0;
  39   1        i = 2;
  40   1        EA=0;
  41   1        while (--i);
  42   1            OneWire_DQ=1;
  43   1        i = 2;
  44   1        while (--i);
  45   1            b=OneWire_DQ;
  46   1          i = 24;
  47   1        while (--i);
  48   1        EA=1;
  49   1      return b;
  50   1      
  51   1      }
  52          void OneWire_SendByte(unsigned char Byte)
  53          { 
  54   1        unsigned char i;
C51 COMPILER V9.60.0.0   ONEWIRE                                                           06/30/2021 18:16:56 PAGE 2   

  55   1        for(i=0;i<8;i++)
  56   1        {
  57   2        OneWire_SendBit(Byte&(0x01<<i));
  58   2        }
  59   1        
  60   1      }
  61          unsigned char OneWire_ReceiveByte()
  62          {
  63   1      unsigned char i;
  64   1      unsigned char Byte=0x00;
  65   1      for(i=0;i<8;i++)
  66   1      {
  67   2      if(OneWire_ReceiveBit()) {Byte|=(0x01<<i);}
  68   2      }
  69   1      return Byte;
  70   1      
  71   1      }
  72          
  73          
  74          
  75          
  76          
  77          
  78          


MODULE INFORMATION:   STATIC OVERLAYABLE
   CODE SIZE        =    152    ----
   CONSTANT SIZE    =   ----    ----
   XDATA SIZE       =   ----    ----
   PDATA SIZE       =   ----    ----
   DATA SIZE        =   ----    ----
   IDATA SIZE       =   ----    ----
   BIT SIZE         =   ----    ----
END OF MODULE INFORMATION.


C51 COMPILATION COMPLETE.  0 WARNING(S),  0 ERROR(S)
