C51 COMPILER V9.54   MAIN                                                                  08/16/2020 19:46:54 PAGE 1   


C51 COMPILER V9.54, COMPILATION OF MODULE MAIN
OBJECT MODULE PLACED IN .\Objects\main.obj
COMPILER INVOKED BY: D:\keil5\C51\BIN\C51.EXE main.c OPTIMIZE(8,SPEED) BROWSE DEBUG OBJECTEXTEND PRINT(.\Listings\main.l
                    -st) TABS(2) OBJECT(.\Objects\main.obj)

line level    source

   1          #include <REGX52.H>
   2          #include "delay.h"
   3          #include "LCD1602.h"
   4          #include "16key.h"
   5          unsigned char key;
   6          unsigned int pass;
   7          unsigned int count;
   8          void main()
   9          { 
  10   1        LCD_Init();
  11   1        LCD_ShowString(1,1,"ELOO");
  12   1        while(1)
  13   1        {
  14   2          key=key16();
  15   2          if(key)
  16   2          {
  17   3            if(key<=10)
  18   3            { if(count<4)
  19   4              {
  20   5              pass*=10;
  21   5              pass+=key%10;
  22   5              }
  23   4              count++;
  24   4            }
  25   3            LCD_ShowNum(2,1,pass,4);
  26   3            
  27   3        }
  28   2          if(key==11)
  29   2          {
  30   3            if(pass==2345)
  31   3            {
  32   4              LCD_ShowString(1,14,"OK ");
  33   4              pass=0;
  34   4              count=0;
  35   4              LCD_ShowNum(2,1,pass,4);
  36   4      
  37   4            }
  38   3            else
  39   3            {
  40   4              LCD_ShowString(1,14,"ERR");
  41   4              pass=0;
  42   4              count=0;
  43   4              LCD_ShowNum(2,1,pass,4);
  44   4            }
  45   3          }
  46   2          if(key==12)
  47   2          {
  48   3            pass=0;
  49   3            count=0;
  50   3            LCD_ShowNum(2,1,pass,4);
  51   3          }
  52   2      }
  53   1        }
  54          
C51 COMPILER V9.54   MAIN                                                                  08/16/2020 19:46:54 PAGE 2   



MODULE INFORMATION:   STATIC OVERLAYABLE
   CODE SIZE        =    189    ----
   CONSTANT SIZE    =     13    ----
   XDATA SIZE       =   ----    ----
   PDATA SIZE       =   ----    ----
   DATA SIZE        =      5    ----
   IDATA SIZE       =   ----    ----
   BIT SIZE         =   ----    ----
END OF MODULE INFORMATION.


C51 COMPILATION COMPLETE.  0 WARNING(S),  0 ERROR(S)
