C51 COMPILER V9.54   AT24C02                                                               08/29/2020 19:23:14 PAGE 1   


C51 COMPILER V9.54, COMPILATION OF MODULE AT24C02
OBJECT MODULE PLACED IN .\Objects\AT24C02.obj
COMPILER INVOKED BY: D:\keil5\C51\BIN\C51.EXE AT24C02.c OPTIMIZE(8,SPEED) BROWSE DEBUG OBJECTEXTEND PRINT(.\Listings\AT2
                    -4C02.lst) TABS(2) OBJECT(.\Objects\AT24C02.obj)

line level    source

   1          #include <REGX52.H>
   2          #include "I2C.h"
   3          #define AT24C02_ADDRESS 0xA0
   4          void AT24C02_WriteByte(unsigned char WordAddress,Data)
   5          { 
   6   1        I2C_Start();
   7   1        I2C_SendByte(0XA0);
   8   1        I2C_ReceiveAck();
   9   1          I2C_SendByte(WordAddress);
  10   1        I2C_ReceiveAck();
  11   1            I2C_SendByte(Data);
  12   1          I2C_ReceiveAck();
  13   1        I2C_Stop();
  14   1      }
  15          unsigned char AT24C02_ReadByte(unsigned char WordAddress)
  16          {
  17   1        unsigned char Data;
  18   1          I2C_Start();
  19   1          I2C_SendByte(AT24C02_ADDRESS);
  20   1        I2C_ReceiveAck();
  21   1          I2C_SendByte(WordAddress);
  22   1        I2C_ReceiveAck();
  23   1          I2C_Start();
  24   1            I2C_SendByte(0xA1);
  25   1        I2C_ReceiveAck();
  26   1       Data=I2C_ReceiveByte();
*** WARNING C209 IN LINE 26 OF AT24C02.c: '_I2C_ReceiveByte': too few actual parameters
  27   1        I2C_SendAck(1);
  28   1          I2C_Stop();
  29   1        return Data;
  30   1      }


MODULE INFORMATION:   STATIC OVERLAYABLE
   CODE SIZE        =     84    ----
   CONSTANT SIZE    =   ----    ----
   XDATA SIZE       =   ----    ----
   PDATA SIZE       =   ----    ----
   DATA SIZE        =   ----       5
   IDATA SIZE       =   ----    ----
   BIT SIZE         =   ----    ----
END OF MODULE INFORMATION.


C51 COMPILATION COMPLETE.  1 WARNING(S),  0 ERROR(S)
