C51 COMPILER V9.54   MAIN                                                                  08/29/2020 19:23:13 PAGE 1   


C51 COMPILER V9.54, COMPILATION OF MODULE MAIN
OBJECT MODULE PLACED IN .\Objects\main.obj
COMPILER INVOKED BY: D:\keil5\C51\BIN\C51.EXE main.c OPTIMIZE(8,SPEED) BROWSE DEBUG OBJECTEXTEND PRINT(.\Listings\main.l
                    -st) TABS(2) OBJECT(.\Objects\main.obj)

line level    source

   1          #include <REGX52.H>
   2          #include "LCD1602.h"
   3          #include "key.h"
   4          #include "AT24C02.h"
   5          #include "delay.h"
   6          unsigned char keyn;
   7          unsigned int a;
   8          void main()
   9          { 
  10   1            LCD_Init();
  11   1              LCD_ShowNum(1,1,a,5);
  12   1      //  AT24C02_WriteByte(1,166);
  13   1      //  delay(5);
  14   1      //  a=AT24C02_ReadByte(1);
  15   1      //  LCD_ShowNum(2,1,a,3);
  16   1      
  17   1      
  18   1            while(1)
  19   1           {
  20   2             keyn=key();
  21   2            if(keyn==1)
  22   2            {
  23   3              a++;
  24   3              LCD_ShowNum(1,1,a,5);
  25   3            }
  26   2              if(keyn==2)
  27   2            {
  28   3              a--;
  29   3              LCD_ShowNum(1,1,a,5);
  30   3            }
  31   2              if(keyn==3)
  32   2            {
  33   3              
  34   3            AT24C02_WriteByte(0,a%256);
  35   3                delay(5);
  36   3          AT24C02_WriteByte(1,a/256);
  37   3      delay(5);
  38   3              LCD_ShowString(2,1,"WRITE OK");
  39   3              delay(1000);
  40   3                      LCD_ShowString(2,1,"        ");
  41   3            }
  42   2             if(keyn==4)
  43   2            {
  44   3        a=AT24C02_ReadByte(0);
  45   3              a|=AT24C02_ReadByte(1)<<8;
  46   3                      LCD_ShowNum(1,1,a,5);
  47   3      
  48   3                      LCD_ShowString(2,1,"READ OK");
  49   3              delay(1000);
  50   3                      LCD_ShowString(2,1,"        ");
  51   3            }
  52   2            }
  53   1      }
  54          
C51 COMPILER V9.54   MAIN                                                                  08/29/2020 19:23:13 PAGE 2   

  55          


MODULE INFORMATION:   STATIC OVERLAYABLE
   CODE SIZE        =    223    ----
   CONSTANT SIZE    =     26    ----
   XDATA SIZE       =   ----    ----
   PDATA SIZE       =   ----    ----
   DATA SIZE        =      3    ----
   IDATA SIZE       =   ----    ----
   BIT SIZE         =   ----    ----
END OF MODULE INFORMATION.


C51 COMPILATION COMPLETE.  0 WARNING(S),  0 ERROR(S)
