C51 COMPILER V9.60.0.0   MAIN                                                              06/30/2021 10:40:10 PAGE 1   


C51 COMPILER V9.60.0.0, COMPILATION OF MODULE MAIN
OBJECT MODULE PLACED IN .\Objects\main.obj
COMPILER INVOKED BY: C:\Keil_v5\C51\BIN\C51.EXE main.c OPTIMIZE(8,SPEED) BROWSE DEBUG OBJECTEXTEND PRINT(.\Listings\main
                    -.lst) TABS(2) OBJECT(.\Objects\main.obj)

line level    source

   1          #include <REGX52.H>
   2          #include "LCD1602.h"
   3          #include "OneWire.h"
   4          #include "DS18B20.h"
   5          #include "delay.h"
   6          #include "key.h"
   7          #include "AT24C02.h"
   8          #include "timer0.h"
   9          #include "bz.h"
  10          
  11          unsigned char keyn;
  12          float t,ts;
  13          char TL,TH;
  14          void main()
  15          {     
  16   1             DS18B20_ConvertT();
  17   1        delay(1000);
  18   1      TH=AT24C02_ReadByte(0);
  19   1      TL=AT24C02_ReadByte(1);
  20   1         Timer0Init();
  21   1        if(TH>125 || TL<-55 || TH<=TL)
  22   1        {TH=20;TL=15;}
  23   1      
  24   1      
  25   1         LCD_Init();
  26   1        LCD_ShowString(1,1,"T:");
  27   1        LCD_ShowString(2,1,"TH:");
  28   1        LCD_ShowString(2,9,"TL:");
  29   1        LCD_ShowSignedNum(2,4,TH,3);
  30   1        LCD_ShowSignedNum(2,12,TL,3);
  31   1      
  32   1      //  ackt=OneWire_Init();
  33   1      //  LCD_ShowNum(2,1,ackt,3);
  34   1            while(1)
  35   1           { 
  36   2             keyn=key();
  37   2             DS18B20_ConvertT();
  38   2             t=DS18B20_ReadT();
  39   2             LCD_ShowNum(1,4,ts,3);
  40   2             LCD_ShowChar(1,7,'.');
  41   2             LCD_ShowNum(1,8,(unsigned long)(ts*100)%100,2);
  42   2      
  43   2             if(t<0)
  44   2               {
  45   3               LCD_ShowChar(1,3,'-');  ts=-t;}
  46   2            
  47   2             else {LCD_ShowChar(1,3,'+');ts=t;}
  48   2             if(keyn)
  49   2             {     
  50   3                   if(keyn==1)
  51   3             {
  52   4             TH++;
  53   4               if(TH>125) TH=125; 
  54   4             }
C51 COMPILER V9.60.0.0   MAIN                                                              06/30/2021 10:40:10 PAGE 2   

  55   3              if(keyn==2)
  56   3             {
  57   4             TH--;
  58   4              if(TH<=TL){TH++;}      
  59   4             }
  60   3              if(keyn==4)
  61   3             {
  62   4             TL++;
  63   4               if(TL>=TH){TL--;}       
  64   4             }
  65   3              if(keyn==3)
  66   3             {
  67   4             TL--;
  68   4                 if(TL<-55) TL=-55; 
  69   4      
  70   4             }
  71   3          LCD_ShowSignedNum(2,4,TH,3);
  72   3          LCD_ShowSignedNum(2,12,TL,3);
  73   3          AT24C02_WriteByte(0,TH);
  74   3      delay(5);
  75   3      AT24C02_WriteByte(1,TL);
  76   3      delay(5);
  77   3             }
  78   2             if(t>TH) { LCD_ShowString(1,13,"OV:H");bztime(300);}
  79   2              else if(t<TL) { LCD_ShowString(1,13,"OV:L");bztime(500);}
  80   2      else LCD_ShowString(1,13,"       ");
  81   2       }
  82   1           }
  83          //       void Timer0_Routine() interrupt 1
  84          //{ static unsigned int c0;
  85          //  TL0 = 0x18;   //设置定时初值
  86          //  TH0 = 0xFC;   //设置定时初值
  87          //  c0++;
  88          //  if(c0>=20)
  89          //  { 
  90          //  c0=0;
  91          //    key_loop();
  92          //  }
  93          //  
  94          }
*** ERROR C141 IN LINE 94 OF main.c: syntax error near '}', expected 'hdata'
  95          
  96          

C51 COMPILATION COMPLETE.  0 WARNING(S),  1 ERROR(S)
