C51 COMPILER V9.01   3                                                                     01/04/2020 14:55:14 PAGE 1   


C51 COMPILER V9.01, COMPILATION OF MODULE 3
OBJECT MODULE PLACED IN 3.OBJ
COMPILER INVOKED BY: E:\KEIL\C51\BIN\C51.EXE 3.c DEBUG OBJECTEXTEND

line level    source

   1          #include<reg52.h>
   2          sbit p2_1=P2^0;
   3          unsigned int a;
   4          void main()
   5          {
   6   1      while(1)
   7   1      {
   8   2      a=52000;
   9   2      p2_1=0;
  10   2      while(a--);
  11   2      a=52000;
  12   2      p2_1=1;
  13   2      while(a--);
  14   2      }
  15   1      }


MODULE INFORMATION:   STATIC OVERLAYABLE
   CODE SIZE        =     44    ----
   CONSTANT SIZE    =   ----    ----
   XDATA SIZE       =   ----    ----
   PDATA SIZE       =   ----    ----
   DATA SIZE        =      2    ----
   IDATA SIZE       =   ----    ----
   BIT SIZE         =   ----    ----
END OF MODULE INFORMATION.


C51 COMPILATION COMPLETE.  0 WARNING(S),  0 ERROR(S)
