C51 COMPILER V9.01   5                                                                     01/04/2020 18:03:15 PAGE 1   


C51 COMPILER V9.01, COMPILATION OF MODULE 5
OBJECT MODULE PLACED IN 5.OBJ
COMPILER INVOKED BY: E:\KEIL\C51\BIN\C51.EXE 5.c BROWSE DEBUG OBJECTEXTEND

line level    source

   1          #include<reg52.h>
   2          #include<intrins.h>
   3          #define uint unsigned int
   4          #define uchar unsigned char  
   5          sbit beep=P1^5;
   6          
   7          void delay(uint);
   8          void main()
   9          {
  10   1      
  11   1       uint i=0,a;
  12   1                       beep=1;
  13   1       P2=0x00;
  14   1         delay(100);
  15   1         P2=0xfe;
  16   1         delay(100);
  17   1         for(a=1;a<=7;a++)
  18   1         {
  19   2              P2=_crol_(P2,1);
  20   2         delay(100);
  21   2         
  22   2         }
  23   1      while(1)
  24   1      {
  25   2         
  26   2         if(i%2==0)
  27   2         {       
  28   3         P2=0xfe;
  29   3         delay(100);
  30   3              }
  31   2              else
  32   2              {
  33   3              P2=0xfd;
  34   3         delay(100);
  35   3         }  
  36   2         for(a=1;a<=3;a++)
  37   2         {
  38   3         P2=_crol_(P2,2);
  39   3         delay(100);
  40   3         }
  41   2         i++;
  42   2      }
  43   1      }
  44          void delay(uint z)
  45          {
  46   1      uint  x,y;
  47   1      for(x=600;x!=0;x--)
  48   1      for(y=z;y!=0;y--);
  49   1      }
  50                  


MODULE INFORMATION:   STATIC OVERLAYABLE
   CODE SIZE        =    156    ----
   CONSTANT SIZE    =   ----    ----
C51 COMPILER V9.01   5                                                                     01/04/2020 18:03:15 PAGE 2   

   XDATA SIZE       =   ----    ----
   PDATA SIZE       =   ----    ----
   DATA SIZE        =   ----       4
   IDATA SIZE       =   ----    ----
   BIT SIZE         =   ----    ----
END OF MODULE INFORMATION.


C51 COMPILATION COMPLETE.  0 WARNING(S),  0 ERROR(S)
