C51 COMPILER V9.01   6                                                                     01/04/2020 19:14:50 PAGE 1   


C51 COMPILER V9.01, COMPILATION OF MODULE 6
OBJECT MODULE PLACED IN 6.OBJ
COMPILER INVOKED BY: E:\KEIL\C51\BIN\C51.EXE 6.c DEBUG OBJECTEXTEND

line level    source

   1          #include<reg52.h>
   2          #include<intrins.h>
   3          #define uint unsigned int
   4          #define uchar unsigned char  
   5          sbit beep=P1^5;
   6          void delay(uint b)
   7          {
   8   1      while(b--);
   9   1      }
  10          
  11          void sound(uint c)
  12          {
  13   1       if(c==0)
  14   1       beep=1;
  15   1       else
  16   1       {
  17   2       while(1)
  18   2       {
  19   3       beep=~beep;
  20   3       delay(c);
  21   3       }
  22   2       }
  23   1      }
  24          
  25          void main()
  26          {  
  27   1       uint i=0,ks=1,a;
  28   1       P2=0x00;
  29   1         delay(10000);
  30   1         P2=0xfe;
  31   1         delay(10000);
  32   1         for(a=1;a<=7;a++)
  33   1         {
  34   2              P2=_crol_(P2,1);
  35   2         delay(10000);
  36   2         
  37   2         }
  38   1      while(1)
  39   1      {
  40   2              beep=~beep;
  41   2         delay(100);
  42   2         if(i%2==0)
  43   2         {       
  44   3         P2=0xfe;
  45   3         delay(1000);
  46   3              }
  47   2              else
  48   2              {
  49   3              P2=0xfd;
  50   3         delay(10000);
  51   3         }  
  52   2         for(a=1;a<=3;a++)
  53   2         {
  54   3         P2=_crol_(P2,2);
  55   3         delay(1000); 
C51 COMPILER V9.01   6                                                                     01/04/2020 19:14:50 PAGE 2   

  56   3              }
  57   2              i++;
  58   2      }
  59   1      }


MODULE INFORMATION:   STATIC OVERLAYABLE
   CODE SIZE        =    153    ----
   CONSTANT SIZE    =   ----    ----
   XDATA SIZE       =   ----    ----
   PDATA SIZE       =   ----    ----
   DATA SIZE        =   ----       2
   IDATA SIZE       =   ----    ----
   BIT SIZE         =   ----    ----
END OF MODULE INFORMATION.


C51 COMPILATION COMPLETE.  0 WARNING(S),  0 ERROR(S)
