C51 COMPILER V9.01   7                                                                     01/04/2020 19:37:42 PAGE 1   


C51 COMPILER V9.01, COMPILATION OF MODULE 7
OBJECT MODULE PLACED IN 7.OBJ
COMPILER INVOKED BY: E:\KEIL\C51\BIN\C51.EXE 7.c BROWSE DEBUG OBJECTEXTEND

line level    source

   1          #include<reg52.h>
   2          #include<intrins.h>
   3          #define uint unsigned int
   4          #define uchar unsigned char  
   5          sbit k1=P3^1;
   6          sbit k2=P3^0;
   7          uint start=2;
   8          void delay(uint b)
   9          {
  10   1      while(b--);
  11   1      }
  12          
  13          void keypros()
  14          {
  15   1              if(k1==0)                        //¿ªÊ¼
  16   1              {
  17   2                      delay(1000);
  18   2                      if(k1==0)
  19   2                      {
  20   3                              start=1;                
  21   3                      }
  22   2                      while(!k1);
  23   2              }
  24   1              if(k2==0)                         //Í£Ö¹
  25   1              {
  26   2                      delay(1000);
  27   2                      if(k2==0)
  28   2                      {
  29   3                              start=0;                
  30   3                      }
  31   2                      while(!k2);
  32   2              }
  33   1      }
  34          
  35          
  36          
  37          void main()
  38          { uint i=0,a;
  39   1      P2=0x00; 
  40   1       keypros();
  41   1       if(start==1)
  42   1       {
  43   2       while(1){
  44   3       
  45   3       
  46   3         delay(10000);
  47   3         P2=0xfe;
  48   3         delay(10000);
  49   3         for(a=1;a<=7;a++)
  50   3         {
  51   4              P2=_crol_(P2,1);
  52   4         delay(10000);
  53   4         
  54   4         } }
  55   2         }
C51 COMPILER V9.01   7                                                                     01/04/2020 19:37:42 PAGE 2   

  56   1        if(start==0){
  57   2      while(1)
  58   2      {
  59   3       
  60   3         if(i%2==0)
  61   3         {       
  62   4         P2=0xfe;
  63   4         delay(1000);
  64   4              }
  65   3              else
  66   3              {
  67   4              P2=0xfd;
  68   4         delay(10000);
  69   4         }  
  70   3         for(a=1;a<=3;a++)
  71   3         {
  72   4         P2=_crol_(P2,2);
  73   4         delay(1000); 
  74   4              }
  75   3              i++;
  76   3      }
  77   2      }
  78   1      }


MODULE INFORMATION:   STATIC OVERLAYABLE
   CODE SIZE        =    187    ----
   CONSTANT SIZE    =   ----    ----
   XDATA SIZE       =   ----    ----
   PDATA SIZE       =   ----    ----
   DATA SIZE        =      2    ----
   IDATA SIZE       =   ----    ----
   BIT SIZE         =   ----    ----
END OF MODULE INFORMATION.


C51 COMPILATION COMPLETE.  0 WARNING(S),  0 ERROR(S)
