C51 COMPILER V9.01   8                                                                     01/04/2020 20:53:03 PAGE 1   


C51 COMPILER V9.01, COMPILATION OF MODULE 8
OBJECT MODULE PLACED IN 8.OBJ
COMPILER INVOKED BY: E:\KEIL\C51\BIN\C51.EXE 8.c BROWSE DEBUG OBJECTEXTEND

line level    source

   1           #include<reg52.h> 
   2          #include <intrins.h> 
   3          #define uint unsigned int 
   4          #define uchar unsigned char 
   5          uchar temp,num,num1,temp1; 
   6          sbit beep=P1^5; 
   7          void delay(uint); 
   8          void main() 
   9          { 
  10   1      
  11   1      temp=0xfe; 
  12   1      temp1=0x7f; 
  13   1      while(1) 
  14   1      {       
  15   2      for(num1=0;num1<3;num1++) 
  16   2      {       
  17   3      for(num=0;num<8;num++) 
  18   3      { 
  19   4      P2=temp; 
  20   4      beep=0; 
  21   4      delay(2000); 
  22   4      temp=_crol_(temp,1); 
  23   4      P2=0xff; 
  24   4      beep=1; 
  25   4      delay(2000);    
  26   4      } 
  27   3      } 
  28   2      for(num1=0;num1<3;num1++) 
  29   2      {       
  30   3      for(num=0;num<8;num++) 
  31   3      { 
  32   4      P2=temp1; 
  33   4      beep=0; 
  34   4      delay(2000); 
  35   4      temp1=_cror_(temp1,1); 
  36   4      P2=0xff; 
  37   4      beep=1; 
  38   4      delay(2000);    
  39   4      } 
  40   3      } 
  41   2      while(1); 
  42   2      } 
  43   1      } 
  44          void delay(uint z) 
  45          { 
  46   1      uint x,y; 
  47   1      for(x=z;x>0;x--) 
  48   1      { 
  49   2      for(y=110;y>0;y--) 
  50   2      { 
  51   3      } 
  52   2      } 
  53   1      }


C51 COMPILER V9.01   8                                                                     01/04/2020 20:53:03 PAGE 2   

MODULE INFORMATION:   STATIC OVERLAYABLE
   CODE SIZE        =    143    ----
   CONSTANT SIZE    =   ----    ----
   XDATA SIZE       =   ----    ----
   PDATA SIZE       =   ----    ----
   DATA SIZE        =      4    ----
   IDATA SIZE       =   ----    ----
   BIT SIZE         =   ----    ----
END OF MODULE INFORMATION.


C51 COMPILATION COMPLETE.  0 WARNING(S),  0 ERROR(S)
