C51 COMPILER V9.01   定时                                                                  01/05/2020 20:37:08 PAGE 1   


C51 COMPILER V9.01, COMPILATION OF MODULE 定时
OBJECT MODULE PLACED IN 定时.OBJ
COMPILER INVOKED BY: E:\KEIL\C51\BIN\C51.EXE 定时.c BROWSE DEBUG OBJECTEXTEND

line level    source

   1          #include<reg52.h>
   2          #include<intrins.h>
   3          #define uint unsigned int
   4          #define uchar unsigned char  
   5          sbit LA=P2^2;
   6          sbit LB=P2^3;
   7          sbit LC=P2^4;
   8          uint i,tt,b,t1;
   9          uchar code xs[]={0x3f,0x06,0x5b,0x4f,0x66,0x6d,0x7d,0x07,0x7f,0x6f,0x77,0x7c,0x39,0x5e,0x79,0x71};
  10          uchar t;
  11          void main()
  12          {       TMOD=0x01;
  13   1          TH0=(65536-50000)/256;
  14   1              TL0=(65536-50000)%256;
  15   1          EA=1;
  16   1              ET0=1;//定时器中断打开
  17   1          TR0=1;//启动定时器0
  18   1         LA=1;
  19   1         LB=1;
  20   1         LC=1; 
  21   1         t=0xfe;
  22   1         P2=t; 
  23   1         while(1)
  24   1         {   
  25   2         /*if(tt==40)
  26   2         {tt=0;
  27   2         i++;
  28   2         if(i==10)
  29   2         i=0;
  30   2         P0=xs[i];
  31   2         }*/                     
  32   2               if(t1==20)      
  33   2         { 
  34   3         t=_crol_(P2,1);
  35   3         P2=t;
  36   3         t1==0;  
*** WARNING C275 IN LINE 36 OF 定时.C: expression with possibly no effect
  37   3         }
  38   2         
  39   2      }
  40   1         }   
  41          void zd() interrupt 1
  42          {  TH0=(65536-50000)/256;
  43   1              TL0=(65536-50000)%256;
  44   1              t1++;}


MODULE INFORMATION:   STATIC OVERLAYABLE
   CODE SIZE        =     71    ----
   CONSTANT SIZE    =     16    ----
   XDATA SIZE       =   ----    ----
   PDATA SIZE       =   ----    ----
   DATA SIZE        =      9    ----
   IDATA SIZE       =   ----    ----
   BIT SIZE         =   ----    ----
C51 COMPILER V9.01   定时                                                                  01/05/2020 20:37:08 PAGE 2   

END OF MODULE INFORMATION.


C51 COMPILATION COMPLETE.  1 WARNING(S),  0 ERROR(S)
