C51 COMPILER V9.01   ¼ÌµçÆ÷                                                                08/12/2020 08:09:10 PAGE 1   


C51 COMPILER V9.01, COMPILATION OF MODULE ¼ÌµçÆ÷
OBJECT MODULE PLACED IN ¼ÌµçÆ÷.OBJ
COMPILER INVOKED BY: D:\KEIL\C51\BIN\C51.EXE ¼ÌµçÆ÷.c BROWSE DEBUG OBJECTEXTEND

line level    source

   1          #include<reg52.h>
   2          #define uint unsigned int
   3          #include<UART.h>
   4          unsigned char  sec=0x00;
   5          void delay(unsigned int a)
   6          {
   7   1          unsigned int i,j;
   8   1          for(i=0;i<a;i++)
   9   1              for(j=0;j<120;j++);
  10   1      }
  11          
  12          void main()
  13          {       
  14   1         UART_Init();
  15   1        
  16   1         while(1)
  17   1         {
  18   2                 UART_SendByte(sec);
  19   2                 sec++;
  20   2                 delay(1000);    
  21   2         }
  22   1         }


MODULE INFORMATION:   STATIC OVERLAYABLE
   CODE SIZE        =     51    ----
   CONSTANT SIZE    =   ----    ----
   XDATA SIZE       =   ----    ----
   PDATA SIZE       =   ----    ----
   DATA SIZE        =      1    ----
   IDATA SIZE       =   ----    ----
   BIT SIZE         =   ----    ----
END OF MODULE INFORMATION.


C51 COMPILATION COMPLETE.  0 WARNING(S),  0 ERROR(S)
