C51 COMPILER V9.54   KEY                                                                   09/01/2020 19:12:05 PAGE 1   


C51 COMPILER V9.54, COMPILATION OF MODULE KEY
OBJECT MODULE PLACED IN .\Objects\key.obj
COMPILER INVOKED BY: D:\keil5\C51\BIN\C51.EXE key.c OPTIMIZE(8,SPEED) BROWSE DEBUG OBJECTEXTEND PRINT(.\Listings\key.lst
                    -) TABS(2) OBJECT(.\Objects\key.obj)

line level    source

   1          #include <REGX52.H>
   2          #include "delay.h"
   3          unsigned char keycache;
   4          unsigned char key()
   5          { 
   6   1        unsigned char a;
   7   1        a=keycache;
   8   1        keycache=0;
   9   1        return a;
  10   1      } 
  11          unsigned char key_getstate()
  12          {
  13   1        unsigned char key=0;
  14   1        if(P3_1==0){key=1;}
  15   1        if(P3_0==0){key=2;}
  16   1        if(P3_2==0){key=3;}
  17   1        if(P3_3==0){key=4;}
  18   1        return key;
  19   1      } 
  20          void key_loop()
  21          {
  22   1        static unsigned char nowstate,laststate;
  23   1        laststate=nowstate;
  24   1        nowstate=key_getstate();
  25   1        if(laststate==1 && nowstate==0)
  26   1        {
  27   2        keycache=1;
  28   2        }
  29   1            if(laststate==2 && nowstate==0)
  30   1        {
  31   2        keycache=2;
  32   2        }
  33   1          if(laststate==3 && nowstate==0)
  34   1        {
  35   2        keycache=3;
  36   2        }
  37   1          if(laststate==4 && nowstate==0)
  38   1        {
  39   2        keycache=4;
  40   2        }
  41   1      }


MODULE INFORMATION:   STATIC OVERLAYABLE
   CODE SIZE        =     85    ----
   CONSTANT SIZE    =   ----    ----
   XDATA SIZE       =   ----    ----
   PDATA SIZE       =   ----    ----
   DATA SIZE        =      3    ----
   IDATA SIZE       =   ----    ----
   BIT SIZE         =   ----    ----
END OF MODULE INFORMATION.


C51 COMPILATION COMPLETE.  0 WARNING(S),  0 ERROR(S)
