C51 COMPILER V9.54   MAIN                                                                  09/01/2020 19:12:05 PAGE 1   


C51 COMPILER V9.54, COMPILATION OF MODULE MAIN
OBJECT MODULE PLACED IN .\Objects\main.obj
COMPILER INVOKED BY: D:\keil5\C51\BIN\C51.EXE main.c OPTIMIZE(8,SPEED) BROWSE DEBUG OBJECTEXTEND PRINT(.\Listings\main.l
                    -st) TABS(2) OBJECT(.\Objects\main.obj)

line level    source

   1          #include <REGX52.H>
   2          #include "LCD1602.h"
   3          #include "OneWire.h"
   4          #include "DS18B20.h"
   5          #include "delay.h"
   6          #include "key.h"
   7          #include "AT24C02.h"
   8          #include "timer0.h"
   9          
  10          unsigned char keyn;
  11          float t,ts;
  12          char TL,TH;
  13          void main()
  14          {     
  15   1             DS18B20_ConvertT();
  16   1        delay(1000);
  17   1      TH=AT24C02_ReadByte(0);
  18   1      TL=AT24C02_ReadByte(1);
  19   1         Timer0Init();
  20   1        if(TH>125 || TL<-55 || TH<=TL)
  21   1        {TH=20;TL=15;}
  22   1      
  23   1      
  24   1         LCD_Init();
  25   1        LCD_ShowString(1,1,"T:");
  26   1        LCD_ShowString(2,1,"TH:");
  27   1        LCD_ShowString(2,9,"TL:");
  28   1        LCD_ShowSignedNum(2,4,TH,3);
  29   1        LCD_ShowSignedNum(2,12,TL,3);
  30   1      
  31   1      //  ackt=OneWire_Init();
  32   1      //  LCD_ShowNum(2,1,ackt,3);
  33   1            while(1)
  34   1           { 
  35   2             keyn=key();
  36   2             DS18B20_ConvertT();
  37   2             t=DS18B20_ReadT();
  38   2             LCD_ShowNum(1,4,ts,3);
  39   2             LCD_ShowChar(1,7,'.');
  40   2             LCD_ShowNum(1,8,(unsigned long)(ts*100)%100,2);
  41   2      
  42   2             if(t<0)
  43   2               {
  44   3               LCD_ShowChar(1,3,'-');  ts=-t;}
  45   2            
  46   2             else {LCD_ShowChar(1,3,'+');ts=t;}
  47   2             if(keyn)
  48   2             {
  49   3                   if(keyn==1)
  50   3             {
  51   4             TH++;
  52   4               if(TH>125) TH=125; 
  53   4             }
  54   3              if(keyn==2)
C51 COMPILER V9.54   MAIN                                                                  09/01/2020 19:12:05 PAGE 2   

  55   3             {
  56   4             TH--;
  57   4              if(TH<=TL){TH++;}      
  58   4             }
  59   3              if(keyn==3)
  60   3             {
  61   4             TL++;
  62   4               if(TL>=TH){TL--;}       
  63   4             }
  64   3              if(keyn==4)
  65   3             {
  66   4             TL--;
  67   4                 if(TL<-55) TL=-55; 
  68   4      
  69   4             }
  70   3          LCD_ShowSignedNum(2,4,TH,3);
  71   3          LCD_ShowSignedNum(2,12,TL,3);
  72   3          AT24C02_WriteByte(0,TH);
  73   3      delay(5);
  74   3      AT24C02_WriteByte(1,TL);
  75   3      delay(5);
  76   3             }
  77   2             if(t>TH) { LCD_ShowString(1,13,"OV:H");}
  78   2              else if(t<TL) { LCD_ShowString(1,13,"OV:L");}
  79   2      else LCD_ShowString(1,13,"       ");
  80   2       }
  81   1           }
  82                 void Timer0_Routine() interrupt 1
  83          { static unsigned int c0;
  84   1        TL0 = 0x18;   //设置定时初值
  85   1        TH0 = 0xFC;   //设置定时初值
  86   1        c0++;
  87   1        if(c0>=20)
  88   1        { 
  89   2        c0=0;
  90   2          key_loop();
  91   2        }
  92   1        
  93   1      }
  94          
  95          


MODULE INFORMATION:   STATIC OVERLAYABLE
   CODE SIZE        =    629    ----
   CONSTANT SIZE    =     29    ----
   XDATA SIZE       =   ----    ----
   PDATA SIZE       =   ----    ----
   DATA SIZE        =     13    ----
   IDATA SIZE       =   ----    ----
   BIT SIZE         =   ----    ----
END OF MODULE INFORMATION.


C51 COMPILATION COMPLETE.  0 WARNING(S),  0 ERROR(S)
