C51 COMPILER V9.54   DS1302                                                                08/25/2020 16:22:54 PAGE 1   


C51 COMPILER V9.54, COMPILATION OF MODULE DS1302
OBJECT MODULE PLACED IN .\Objects\DS1302.obj
COMPILER INVOKED BY: D:\keil5\C51\BIN\C51.EXE DS1302.c OPTIMIZE(8,SPEED) BROWSE DEBUG OBJECTEXTEND PRINT(.\Listings\DS13
                    -02.lst) TABS(2) OBJECT(.\Objects\DS1302.obj)

line level    source

   1          #include <REGX52.H>
   2          sbit DS1302_SCLK=P3^6;
   3          sbit DS1302_IO=P3^4;
   4          sbit DS1302_CE=P3^5;
   5          #define DS1302_SECOND 0X80     //写入数据的代号，读取要加1
   6          #define DS1302_MINUTE   0X82
   7          #define DS1302_HOUR   0X84
   8          #define DS1302_DATE   0X86
   9          #define DS1302_MONTH  0X88
  10          #define DS1302_DAY    0X8A
  11          #define DS1302_YEAR   0X8C
  12          #define DS1302_WP     0X8E
  13          
  14          char DS1302_Time[]={20,8,25,10,01,55,2};
  15          
  16          
  17          void DS1302_Init()
  18          {
  19   1        DS1302_CE=0;
  20   1        DS1302_SCLK=0;
  21   1      //   DS1302_WriteByte(DS1302_WP,0x00);
  22   1      
  23   1      }
  24          
  25          void DS1302_WriteByte(unsigned char Command,Data)
  26          { unsigned int i;
  27   1        DS1302_CE=1;
  28   1        for(i=0;i<8;i++)
  29   1        {
  30   2        DS1302_IO=Command&(0x01<<i);
  31   2        DS1302_SCLK=1;
  32   2        DS1302_SCLK=0;
  33   2        }
  34   1        for(i=0;i<8;i++)
  35   1        {
  36   2        DS1302_IO=Data&(0x01<<i);
  37   2        DS1302_SCLK=1;
  38   2        DS1302_SCLK=0;
  39   2        }
  40   1        DS1302_CE=0;  
  41   1      }
  42          
  43          
  44          unsigned char DS1302_ReadByte(unsigned char Command)
  45          { unsigned int i;
  46   1        unsigned char Data=0x00;
  47   1        DS1302_CE=1;
  48   1        for(i=0;i<8;i++)
  49   1        {
  50   2        DS1302_IO=Command&(0x01<<i);
  51   2        DS1302_SCLK=0;
  52   2        DS1302_SCLK=1;
  53   2        }
  54   1          
C51 COMPILER V9.54   DS1302                                                                08/25/2020 16:22:54 PAGE 2   

  55   1        for(i=0;i<8;i++)
  56   1        {
  57   2          DS1302_SCLK=1;
  58   2         DS1302_SCLK=0;
  59   2        if(DS1302_IO){Data|=(0x01<<i);}
  60   2        }
  61   1        DS1302_CE=0;
  62   1        DS1302_IO=0;
  63   1        return Data;
  64   1      }
  65          
  66          void DS1302_settime()
  67          {
  68   1          DS1302_WriteByte(DS1302_WP,0x00);
  69   1        DS1302_WriteByte(DS1302_YEAR,DS1302_Time[0]/10*16+DS1302_Time[0]%10);
  70   1        DS1302_WriteByte(DS1302_MONTH,DS1302_Time[1]/10*16+DS1302_Time[1]%10);
  71   1        DS1302_WriteByte(DS1302_DATE,DS1302_Time[2]/10*16+DS1302_Time[2]%10);
  72   1        DS1302_WriteByte(DS1302_HOUR,DS1302_Time[3]/10*16+DS1302_Time[3]%10);
  73   1        DS1302_WriteByte(DS1302_MINUTE,DS1302_Time[4]/10*16+DS1302_Time[4]%10);
  74   1        DS1302_WriteByte(DS1302_SECOND,DS1302_Time[5]/10*16+DS1302_Time[5]%10);
  75   1        DS1302_WriteByte(DS1302_DAY,DS1302_Time[6]/10*16+DS1302_Time[6]%10);
  76   1        DS1302_WriteByte(DS1302_WP,0x80);
  77   1      
  78   1      }
  79            void DS1302_readtime()
  80          {
  81   1        unsigned char a;
  82   1        a=DS1302_ReadByte(DS1302_YEAR+1);
  83   1        DS1302_Time[0]=a/16*10+a%16;
  84   1        a=DS1302_ReadByte(DS1302_MONTH+1);
  85   1        DS1302_Time[1]=a/16*10+a%16;
  86   1        a=DS1302_ReadByte(DS1302_DATE+1);
  87   1        DS1302_Time[2]=a/16*10+a%16;
  88   1        a=DS1302_ReadByte(DS1302_HOUR+1);
  89   1        DS1302_Time[3]=a/16*10+a%16;
  90   1        a=DS1302_ReadByte(DS1302_MINUTE+1);
  91   1        DS1302_Time[4]=a/16*10+a%16;
  92   1        a=DS1302_ReadByte(DS1302_SECOND+1);
  93   1        DS1302_Time[5]=a/16*10+a%16;
  94   1        a=DS1302_ReadByte(DS1302_DAY+1);
  95   1        DS1302_Time[6]=a/16*10+a%16;
  96   1      }
  97          
  98             


MODULE INFORMATION:   STATIC OVERLAYABLE
   CODE SIZE        =    726    ----
   CONSTANT SIZE    =   ----    ----
   XDATA SIZE       =   ----    ----
   PDATA SIZE       =   ----    ----
   DATA SIZE        =      7       3
   IDATA SIZE       =   ----    ----
   BIT SIZE         =   ----    ----
END OF MODULE INFORMATION.


C51 COMPILATION COMPLETE.  0 WARNING(S),  0 ERROR(S)
