C51 COMPILER V9.54   MAIN                                                                  08/25/2020 16:22:54 PAGE 1   


C51 COMPILER V9.54, COMPILATION OF MODULE MAIN
OBJECT MODULE PLACED IN .\Objects\main.obj
COMPILER INVOKED BY: D:\keil5\C51\BIN\C51.EXE main.c OPTIMIZE(8,SPEED) BROWSE DEBUG OBJECTEXTEND PRINT(.\Listings\main.l
                    -st) TABS(2) OBJECT(.\Objects\main.obj)

line level    source

   1          #include <REGX52.H>
   2          #include "LCD1602.h"
   3          #include "DS1302.h"
   4          #include "key.h"
   5          #include "timer0.h"
   6          unsigned char keyn,mode,ts,flash;
   7          void timeshow()
   8          {
   9   1         DS1302_readtime();
  10   1            LCD_ShowNum(1,1,DS1302_Time[0],2);
  11   1             LCD_ShowNum(1,4,DS1302_Time[1],2);
  12   1              LCD_ShowNum(1,7,DS1302_Time[2],2);
  13   1             LCD_ShowNum(2,1,DS1302_Time[3],2);
  14   1             LCD_ShowNum(2,4,DS1302_Time[4],2);
  15   1              LCD_ShowNum(2,7,DS1302_Time[5],2);
  16   1      }
  17          void timeset()
  18          {
  19   1        if(keyn==2)
  20   1        {
  21   2          ts++;
  22   2          ts%=6;
  23   2        }
  24   1          if(keyn==3)
  25   1        {
  26   2          DS1302_Time[ts]++;
  27   2          if(DS1302_Time[0]>99)  DS1302_Time[0]=0;
  28   2          if(DS1302_Time[1]>12)  DS1302_Time[1]=1;
  29   2          if(DS1302_Time[1]==1 || DS1302_Time[1]==3 || DS1302_Time[1]==5 || DS1302_Time[1]==7 || DS1302_Time[1]==8
             - ||
  30   2          DS1302_Time[1]==10 || DS1302_Time[1]==12) 
  31   2          {
  32   3          if(DS1302_Time[2]>31 ) {DS1302_Time[2]=1;}
  33   3          }
  34   2          else if ( DS1302_Time[1]==4 || DS1302_Time[1]==6 || DS1302_Time[1]==9 
  35   2            || DS1302_Time[1]==11)
  36   2          {  
  37   3            if(DS1302_Time[2]>30)  {DS1302_Time[2]=1;}
  38   3          }
  39   2          
  40   2            else if (DS1302_Time[1]==2)
  41   2            {
  42   3              if(DS1302_Time[0]%4==0)
  43   3               {if(DS1302_Time[2]>29) DS1302_Time[2]=1;}
  44   3               else {if(DS1302_Time[2]>28) DS1302_Time[2]=1; }
  45   3            }
  46   2      
  47   2          if(DS1302_Time[3]>23)  DS1302_Time[3]=0;
  48   2          if(DS1302_Time[4]>59)  DS1302_Time[4]=0;
  49   2          if(DS1302_Time[5]>59)  DS1302_Time[5]=0;    
  50   2        }
  51   1        if(keyn==4)
  52   1        {
  53   2          DS1302_Time[ts]--;
C51 COMPILER V9.54   MAIN                                                                  08/25/2020 16:22:54 PAGE 2   

  54   2          if(DS1302_Time[0]<0)  DS1302_Time[0]=99;
  55   2          if(DS1302_Time[1]<1)  DS1302_Time[1]=12;
  56   2          if(DS1302_Time[1]==1 || DS1302_Time[1]==3 || DS1302_Time[1]==5 || DS1302_Time[1]==7 || DS1302_Time[1]==8
             - ||
  57   2          DS1302_Time[1]==10 || DS1302_Time[1]==12) 
  58   2          {
  59   3          if(DS1302_Time[2]<1 ) {DS1302_Time[2]=31;}
  60   3              if(DS1302_Time[2]>31 ) {DS1302_Time[2]=1;}
  61   3      
  62   3          }
  63   2          else if ( DS1302_Time[1]==4 || DS1302_Time[1]==6 || DS1302_Time[1]==9 
  64   2            || DS1302_Time[1]==11)
  65   2          {  
  66   3            if(DS1302_Time[2]<1)  {DS1302_Time[2]=30;}
  67   3            if(DS1302_Time[2]>30)  {DS1302_Time[2]=1;}
  68   3          }
  69   2          
  70   2            else if (DS1302_Time[1]==2)
  71   2            {
  72   3              if(DS1302_Time[0]%4==0)
  73   3               {if(DS1302_Time[2]<1) DS1302_Time[2]=29; if(DS1302_Time[2]>29) DS1302_Time[2]=1;}
  74   3               else {if(DS1302_Time[2]<1) DS1302_Time[2]=28; if(DS1302_Time[2]>28) DS1302_Time[2]=1;}
  75   3            }
  76   2          if(DS1302_Time[3]<0)  DS1302_Time[3]=23;
  77   2          if(DS1302_Time[4]<0)  DS1302_Time[4]=59;
  78   2          if(DS1302_Time[5]<0)  DS1302_Time[5]=59;      
  79   2        }
  80   1        if(ts==0 && flash==1) {LCD_ShowString(1,1,"  ");}
  81   1        else {LCD_ShowNum(1,1,DS1302_Time[0],2);}
  82   1        if(ts==1 && flash==1) {LCD_ShowString(1,4,"  ");}
  83   1        else {LCD_ShowNum(1,4,DS1302_Time[1],2);}
  84   1        if(ts==2 && flash==1) {LCD_ShowString(1,7,"  ");}
  85   1        else {  LCD_ShowNum(1,7,DS1302_Time[2],2);}
  86   1        if(ts==3 && flash==1) {LCD_ShowString(2,1,"  ");}
  87   1        else {  LCD_ShowNum(2,1,DS1302_Time[3],2);}
  88   1        if(ts==4 && flash==1) {LCD_ShowString(2,4,"  ");}
  89   1        else {  LCD_ShowNum(2,4,DS1302_Time[4],2);}
  90   1        if(ts==5 && flash==1) {LCD_ShowString(2,7,"  ");}
  91   1        else {  LCD_ShowNum(2,7,DS1302_Time[5],2);}
  92   1      //  LCD_ShowNum(2,10,ts,2);
  93   1      //  LCD_ShowNum(2,13,flash,2);
  94   1      }
  95          
  96          
  97          
  98          void main()
  99          {     
 100   1        DS1302_Init();  
 101   1        LCD_Init();
 102   1        Timer0Init();
 103   1        LCD_ShowString(1,1,"  -  -  ");
 104   1        LCD_ShowString(2,1,"  :  :  ");
 105   1        DS1302_settime();
 106   1            while(1)
 107   1           {   
 108   2             keyn=key();
 109   2            if(keyn==1)  //按键1才是进入时间设置的按键
 110   2             {
 111   3               if(mode==0) mode=1;
 112   3               else if(mode==1){mode=0; DS1302_settime();}       
 113   3             }
 114   2            switch(mode)
C51 COMPILER V9.54   MAIN                                                                  08/25/2020 16:22:54 PAGE 3   

 115   2            {
 116   3              case 0:timeshow();break;
 117   3              case 1:timeset();break;
 118   3            }   
 119   2           }
 120   1         }
 121          
 122             void Timer0_Routine() interrupt 1
 123          { 
 124   1        static unsigned int c0;
 125   1        TL0 = 0x18;   //设置定时初值
 126   1        TH0 = 0xFC;   //设置定时初值
 127   1        c0++;
 128   1        if(c0>=500)
 129   1        { 
 130   2        c0=0;
 131   2          flash=!flash;
 132   2        }
 133   1        
 134   1      }
 135          
 136          
 137          


MODULE INFORMATION:   STATIC OVERLAYABLE
   CODE SIZE        =    967    ----
   CONSTANT SIZE    =     21    ----
   XDATA SIZE       =   ----    ----
   PDATA SIZE       =   ----    ----
   DATA SIZE        =      6    ----
   IDATA SIZE       =   ----    ----
   BIT SIZE         =   ----    ----
END OF MODULE INFORMATION.


C51 COMPILATION COMPLETE.  0 WARNING(S),  0 ERROR(S)
