C51 COMPILER V9.01   MAIN                                                                  08/14/2020 16:25:27 PAGE 1   


C51 COMPILER V9.01, COMPILATION OF MODULE MAIN
OBJECT MODULE PLACED IN main.OBJ
COMPILER INVOKED BY: D:\KEIL\C51\BIN\C51.EXE main.c BROWSE DEBUG OBJECTEXTEND

line level    source

   1          #include <REGX52.H>
   2          #include "delay.h"
   3          
   4          unsigned char xx[]={0x3f,0x06,0x5b,0x4f,0x66,0x6d,0x7d,0x07,0x7f,0x6f,0x77,0x7c,0x39,0x5e,0x79,0x71,0x00};
   5          void sx(unsigned char x,y)
   6          {
   7   1               switch(x)
   8   1               {
   9   2                 case 1:P2_4=1;P2_3=1;P2_2=1; break;
  10   2      case 2:P2_4=1;P2_3=1;P2_2=0; break;
  11   2      case 3:P2_4=1;P2_3=0;P2_2=1; break;
  12   2      case 4:P2_4=1;P2_3=0;P2_2=0; break;
  13   2      case 5:P2_4=0;P2_3=1;P2_2=1; break;
  14   2      case 6:P2_4=0;P2_3=1;P2_2=0; break;
  15   2      case 7: P2_4=0;P2_3=0;P2_2=1; break;
  16   2      case 8:P2_4=0;P2_3=0;P2_2=0; break;
  17   2                                      }
  18   1              P0=xx[y];
  19   1      //      delay(1);
  20   1      //      P0=0x00;
  21   1              }
  22          void main()
  23          {  
  24   1      while(1)
  25   1      {
  26   2        sx(1,1);
  27   2        delay(2);
  28   2        sx(2,2);
  29   2         delay(2);
  30   2        sx(3,3);
  31   2         delay(2);
  32   2      }
  33   1      }
  34             


MODULE INFORMATION:   STATIC OVERLAYABLE
   CODE SIZE        =    145    ----
   CONSTANT SIZE    =   ----    ----
   XDATA SIZE       =   ----    ----
   PDATA SIZE       =   ----    ----
   DATA SIZE        =     17    ----
   IDATA SIZE       =   ----    ----
   BIT SIZE         =   ----    ----
END OF MODULE INFORMATION.


C51 COMPILATION COMPLETE.  0 WARNING(S),  0 ERROR(S)
