C51 COMPILER V9.54   MAIN                                                                  08/18/2020 11:16:30 PAGE 1   


C51 COMPILER V9.54, COMPILATION OF MODULE MAIN
OBJECT MODULE PLACED IN .\Objects\main.obj
COMPILER INVOKED BY: D:\keil5\C51\BIN\C51.EXE main.c OPTIMIZE(8,SPEED) BROWSE DEBUG OBJECTEXTEND PRINT(.\Listings\main.l
                    -st) TABS(2) OBJECT(.\Objects\main.obj)

line level    source

   1          #include <REGX52.H>
   2          #include "timer0.h"
   3          #include "key.h"
   4          #include <INTRINS.H>
   5          unsigned char a;
   6          unsigned int LEDm=0;
   7          void main()
   8          {    
   9   1           P2=0XFE;
  10   1           Timer0Init();
  11   1            while(1)
  12   1           {
  13   2             a=key();
  14   2             if(a)
  15   2             {
  16   3               if(a==1) 
  17   3               {  
  18   4                  LEDm++;
  19   4                  if(LEDm>=2) LEDm=0;
  20   4               }
  21   3             }
  22   2            }
  23   1      }
  24          void Timer0_Routine() interrupt 1
  25          { static unsigned int c0;
  26   1          TL0 = 0x18;   //设置定时初值
  27   1          TH0 = 0xFC;   //设置定时初值
  28   1        c0++;
  29   1        if(c0>=500)
  30   1        { c0=0;
  31   2        if(LEDm==0)
  32   2          P2=_crol_(P2,1);
  33   2        if(LEDm==1)
  34   2          P2=_cror_(P2,1);
  35   2        } 
  36   1      }
  37          
  38          


MODULE INFORMATION:   STATIC OVERLAYABLE
   CODE SIZE        =    131    ----
   CONSTANT SIZE    =   ----    ----
   XDATA SIZE       =   ----    ----
   PDATA SIZE       =   ----    ----
   DATA SIZE        =      5    ----
   IDATA SIZE       =   ----    ----
   BIT SIZE         =   ----    ----
END OF MODULE INFORMATION.


C51 COMPILATION COMPLETE.  0 WARNING(S),  0 ERROR(S)
