C51 COMPILER V9.54   MAIN                                                                  08/16/2020 09:50:36 PAGE 1   


C51 COMPILER V9.54, COMPILATION OF MODULE MAIN
OBJECT MODULE PLACED IN .\Objects\main.obj
COMPILER INVOKED BY: D:\keil5\C51\BIN\C51.EXE main.c OPTIMIZE(8,SPEED) BROWSE DEBUG OBJECTEXTEND PRINT(.\Listings\main.l
                    -st) TABS(2) OBJECT(.\Objects\main.obj)

line level    source

   1          #include <REGX52.H>
   2          #include "delay.h"
   3          #include "LCD1602.h"
   4          #include "16key.h"
   5          unsigned char key;
   6          void main()
   7          { 
   8   1        LCD_Init();
   9   1        LCD_ShowString(1,1,"ELOO");
  10   1        while(1)
  11   1        {
  12   2          key=key16();
  13   2          if(key)
  14   2            LCD_ShowNum(2,1,key,2);
  15   2            
  16   2        }
  17   1      }
  18          


MODULE INFORMATION:   STATIC OVERLAYABLE
   CODE SIZE        =     40    ----
   CONSTANT SIZE    =      5    ----
   XDATA SIZE       =   ----    ----
   PDATA SIZE       =   ----    ----
   DATA SIZE        =      1    ----
   IDATA SIZE       =   ----    ----
   BIT SIZE         =   ----    ----
END OF MODULE INFORMATION.


C51 COMPILATION COMPLETE.  0 WARNING(S),  0 ERROR(S)
