C51 COMPILER V9.54   MAIN                                                                  08/18/2020 19:13:16 PAGE 1   


C51 COMPILER V9.54, COMPILATION OF MODULE MAIN
OBJECT MODULE PLACED IN .\Objects\main.obj
COMPILER INVOKED BY: D:\keil5\C51\BIN\C51.EXE main.c OPTIMIZE(8,SPEED) BROWSE DEBUG OBJECTEXTEND PRINT(.\Listings\main.l
                    -st) TABS(2) OBJECT(.\Objects\main.obj)

line level    source

   1          #include <REGX52.H>
   2          #include "delay.h"
   3          #include "LCD1602.h"
   4          #include "timer0.h"
   5          unsigned char sec,min,hour;
   6          void main()
   7          {     LCD_Init();
   8   1        Timer0Init();
   9   1        LCD_ShowString(1,1,"Clock:");
  10   1            while(1)
  11   1           {
  12   2             if(sec==60)
  13   2        { 
  14   3          min++;
  15   3          sec=0;
  16   3        }
  17   2        if(min==60)
  18   2        { 
  19   3          hour++;
  20   3          min=0;
  21   3        }
  22   2            LCD_ShowNum(2,1,hour,2);
  23   2        LCD_ShowString(2,3,":");
  24   2        LCD_ShowNum(2,4,min,2);
  25   2        LCD_ShowString(2,6,":");
  26   2        LCD_ShowNum(2,7,sec,2);
  27   2      
  28   2        
  29   2        
  30   2        
  31   2            
  32   2            }
  33   1      }
  34          void Timer0_Routine() interrupt 1
  35          { static unsigned int c0;
  36   1        TL0 = 0x18;   //设置定时初值
  37   1        TH0 = 0xFC;   //设置定时初值
  38   1        c0++;
  39   1        if(c0>=1000)
  40   1        { 
  41   2        c0=0;
  42   2        sec++;
  43   2        
  44   2          
  45   2        }
  46   1        
  47   1      }
  48          
  49          


MODULE INFORMATION:   STATIC OVERLAYABLE
   CODE SIZE        =    152    ----
   CONSTANT SIZE    =      9    ----
C51 COMPILER V9.54   MAIN                                                                  08/18/2020 19:13:16 PAGE 2   

   XDATA SIZE       =   ----    ----
   PDATA SIZE       =   ----    ----
   DATA SIZE        =      5    ----
   IDATA SIZE       =   ----    ----
   BIT SIZE         =   ----    ----
END OF MODULE INFORMATION.


C51 COMPILATION COMPLETE.  0 WARNING(S),  0 ERROR(S)
