C51 COMPILER V9.54   TIMER0                                                                08/26/2020 15:12:32 PAGE 1   


C51 COMPILER V9.54, COMPILATION OF MODULE TIMER0
OBJECT MODULE PLACED IN .\Objects\timer0.obj
COMPILER INVOKED BY: D:\keil5\C51\BIN\C51.EXE timer0.c OPTIMIZE(8,SPEED) BROWSE DEBUG OBJECTEXTEND PRINT(.\Listings\time
                    -r0.lst) TABS(2) OBJECT(.\Objects\timer0.obj)

line level    source

   1          #include <REGX52.H>
   2          void Timer0Init(void)   //1毫秒@12.000MHz
   3          {
   4   1      TMOD &= 0xF0;   //设置定时器模式
   5   1        TMOD |= 0x01;   //设置定时器模式 TL0 = 0x18;   //设置定时初值
   6   1          TL0 = 0x18;   //设置定时初值
   7   1        TH0 = 0xFC;   //设置定时初值
   8   1        TF0 = 0;    //清除TF0标志
   9   1        TR0 = 1;//定时器0开始计时
  10   1        ET0=1;
  11   1        EA=1;
  12   1        PT0=0;  //定时器0开始计时
  13   1      }
  14          /*
  15          void Timer0_Routine() interrupt 1
  16          { static unsigned int c0;
  17            TL0 = 0x18;   //设置定时初值
  18            TH0 = 0xFC;   //设置定时初值
  19            c0++;
  20            if(c0>=1000)
  21            { 
  22            c0=0;
  23            }
  24            
  25          }
  26          */


MODULE INFORMATION:   STATIC OVERLAYABLE
   CODE SIZE        =     23    ----
   CONSTANT SIZE    =   ----    ----
   XDATA SIZE       =   ----    ----
   PDATA SIZE       =   ----    ----
   DATA SIZE        =   ----    ----
   IDATA SIZE       =   ----    ----
   BIT SIZE         =   ----    ----
END OF MODULE INFORMATION.


C51 COMPILATION COMPLETE.  0 WARNING(S),  0 ERROR(S)
