C51 COMPILER V9.60.0.0   MAIN                                                              07/01/2021 09:06:17 PAGE 1   


C51 COMPILER V9.60.0.0, COMPILATION OF MODULE MAIN
OBJECT MODULE PLACED IN .\Objects\main.obj
COMPILER INVOKED BY: C:\Keil_v5\C51\BIN\C51.EXE main.c OPTIMIZE(8,SPEED) BROWSE DEBUG OBJECTEXTEND PRINT(.\Listings\main
                    -.lst) TABS(2) OBJECT(.\Objects\main.obj)

line level    source

   1          #include <REGX52.H>
   2          #include "LCD1602.h"
   3          #include "OneWire.h"
   4          #include "DS18B20.h"
   5          #include "delay.h"
   6          #include "key.h"
   7          #include "timer0.h"
   8          #include "bz.h"
   9          #include "16key.h"
  10          sbit motor=P1^0;
  11          
  12          unsigned char keyn,keyb,bj=0,compare=0,m=1;
  13          
  14          float t,ts;
  15          char TL,TH;
  16          void main()
  17          {     
  18   1            Timer0Init();
  19   1             DS18B20_ConvertT();
  20   1        delay(1000);
  21   1      //TH=AT24C02_ReadByte(0);
  22   1      //bj=AT24C02_ReadByte(1);
  23   1      //   Timer0Init();
  24   1        if(TH>125 || TL<-55 || TH<=TL)
  25   1        {TH=30;TL=20;}
  26   1      
  27   1      
  28   1         LCD_Init();
  29   1        LCD_ShowString(1,1,"T:");
  30   1        LCD_ShowString(2,1,"TH:");
  31   1          LCD_ShowString(2,9,"TL:");
  32   1        LCD_ShowString(1,11,"O");
  33   1        LCD_ShowSignedNum(2,4,TH,3);
  34   1        LCD_ShowSignedNum(2,12,TL,3);
  35   1      
  36   1      //  ackt=OneWire_Init();   
  37   1      //  LCD_ShowNum(2,1,ackt,3);   
  38   1            while(1)
  39   1           { 
  40   2            keyb=key16();
  41   2             keyn=key();
  42   2             DS18B20_ConvertT();
  43   2             t=DS18B20_ReadT();
  44   2             LCD_ShowNum(1,4,ts,3);
  45   2             LCD_ShowChar(1,7,'.');
  46   2             LCD_ShowNum(1,8,(unsigned long)(ts*100)%100,2);
  47   2      
  48   2             if(t<0 && m==1)
  49   2               {
  50   3               LCD_ShowChar(1,3,'-');  ts=-t;}
  51   2            
  52   2             else {LCD_ShowChar(1,3,'+');ts=t;}
  53   2             if(keyb)
  54   2             {     
C51 COMPILER V9.60.0.0   MAIN                                                              07/01/2021 09:06:17 PAGE 2   

  55   3                   if(keyb==1)
  56   3             {
  57   4             TH++;
  58   4               if(TH>125) TH=125; 
  59   4             }
  60   3              if(keyb==2)
  61   3             {
  62   4             TH--;
  63   4              if(TH<=TL){TH++;}      
  64   4             }
  65   3              if(keyb==3)
  66   3             {
  67   4             TL++;
  68   4               if(TL>=TH){TL--;}       
  69   4             }
  70   3              if(keyb==4)
  71   3             {
  72   4             TL--;
  73   4                 if(TL<-55) TL=-55; 
  74   4      
  75   4             }
  76   3              
  77   3              
  78   3          LCD_ShowSignedNum(2,4,TH,3);
  79   3          LCD_ShowSignedNum(2,12,TL,3);
  80   3             if(keyb==5)
  81   3              {
  82   4                LCD_ShowString(2,1,"                    ");
  83   4      
  84   4              }
  85   3               if(keyb==6)
  86   3              {
  87   4                  LCD_ShowString(2,1,"TH:");
  88   4                  LCD_ShowString(2,9,"TL:");                    
  89   4          LCD_ShowSignedNum(2,4,TH,3);
  90   4          LCD_ShowSignedNum(2,12,TL,3);
  91   4              }
  92   3              if(keyb==7)
  93   3              {
  94   4                
  95   4                m=0;
  96   4                  LCD_ShowString(1,12,"M");
  97   4      
  98   4              }
  99   3              
 100   3            
 101   3      //    AT24C02_WriteByte(0,TH);
 102   3      //delay(5);
 103   3      //AT24C02_WriteByte(1,bj);
 104   3      //delay(5);
 105   3             }
 106   2               if(keyn)
 107   2             {   
 108   3               if(keyn==1)  {bj=0;  LCD_ShowString(1,11,"O");bztime(50);}
 109   3               if(keyn==2)  {bj=1;  LCD_ShowString(1,11,"S");bztime(50);}
 110   3               if(keyn==4)  {m=1; compare=0;LCD_ShowString(1,12," ");
 111   4      }
 112   3      
 113   3             }
 114   2             if(t>TH && bj==0 && m==0) {  LCD_ShowString(1,13,"OV:H");bztime(300);compare=60;}
 115   2             else if(t>TH && bj==0 && m==1) { LCD_ShowString(1,13,"OV:H");bztime(300);compare=0;}
 116   2              else if(t<TL && bj==0) {  LCD_ShowString(1,13,"OV:L");bztime(500);compare=0;}
C51 COMPILER V9.60.0.0   MAIN                                                              07/01/2021 09:06:17 PAGE 3   

 117   2      else {LCD_ShowString(1,13,"       ");compare=0;}
 118   2       }
 119   1           }
 120          
 121          
 122          void Timer0_Routine() interrupt 1
 123          { static unsigned int c0;
 124   1        TL0=0x9C;   
 125   1        TH0=0xFF;   //设置定时初值
 126   1        c0++;
 127   1        c0%=100;
 128   1        if(c0<compare)
 129   1        {motor=1;}
 130   1        else
 131   1          {motor=0;}
 132   1        
 133   1      }
 134          


MODULE INFORMATION:   STATIC OVERLAYABLE
   CODE SIZE        =    917    ----
   CONSTANT SIZE    =     58    ----
   XDATA SIZE       =   ----    ----
   PDATA SIZE       =   ----    ----
   DATA SIZE        =     17    ----
   IDATA SIZE       =   ----    ----
   BIT SIZE         =   ----    ----
END OF MODULE INFORMATION.


C51 COMPILATION COMPLETE.  0 WARNING(S),  0 ERROR(S)
