C51 COMPILER V9.54   MAIN                                                                  08/25/2020 10:01:55 PAGE 1   


C51 COMPILER V9.54, COMPILATION OF MODULE MAIN
OBJECT MODULE PLACED IN .\Objects\main.obj
COMPILER INVOKED BY: D:\keil5\C51\BIN\C51.EXE main.c OPTIMIZE(8,SPEED) BROWSE DEBUG OBJECTEXTEND PRINT(.\Listings\main.l
                    -st) TABS(2) OBJECT(.\Objects\main.obj)

line level    source

   1          #include <REGX52.H>
   2          #include "LCD1602.h"
   3          #include "DS1302.h"
   4          
   5          
   6          void main()
   7          {     DS1302_Init();  
   8   1        LCD_Init();
   9   1          LCD_ShowString(1,1,"  -  -  ");
  10   1        LCD_ShowString(2,1,"  :  :  ");
  11   1      
  12   1       DS1302_settime();
  13   1            while(1)
  14   1           {   
  15   2                DS1302_readtime();
  16   2       
  17   2      
  18   2            LCD_ShowNum(1,1,DS1302_Time[0],2);
  19   2             LCD_ShowNum(1,4,DS1302_Time[1],2);
  20   2              LCD_ShowNum(1,7,DS1302_Time[2],2);
  21   2             LCD_ShowNum(2,1,DS1302_Time[3],2);
  22   2             LCD_ShowNum(2,4,DS1302_Time[4],2);
  23   2              LCD_ShowNum(2,7,DS1302_Time[5],2);
  24   2      //        LCD_ShowNum(2,10,DS1302_Time[6],2);
  25   2      
  26   2           }
  27   1      }
  28          
  29          
  30            


MODULE INFORMATION:   STATIC OVERLAYABLE
   CODE SIZE        =    130    ----
   CONSTANT SIZE    =     18    ----
   XDATA SIZE       =   ----    ----
   PDATA SIZE       =   ----    ----
   DATA SIZE        =   ----    ----
   IDATA SIZE       =   ----    ----
   BIT SIZE         =   ----    ----
END OF MODULE INFORMATION.


C51 COMPILATION COMPLETE.  0 WARNING(S),  0 ERROR(S)
