C51 COMPILER V9.54   I2C                                                                   08/29/2020 21:06:06 PAGE 1   


C51 COMPILER V9.54, COMPILATION OF MODULE I2C
OBJECT MODULE PLACED IN .\Objects\I2C.obj
COMPILER INVOKED BY: D:\keil5\C51\BIN\C51.EXE I2C.c OPTIMIZE(8,SPEED) BROWSE DEBUG OBJECTEXTEND PRINT(.\Listings\I2C.lst
                    -) TABS(2) OBJECT(.\Objects\I2C.obj)

line level    source

   1          #include <REGX52.H>
   2          sbit I2C_SCL=P2^1;
   3          sbit I2C_SDA=P2^0;
   4          void I2C_Start()
   5          {
   6   1        I2C_SDA=1;
   7   1        I2C_SCL=1;
   8   1          I2C_SDA=0;
   9   1          I2C_SCL=0;
  10   1      }
  11          void I2C_Stop()
  12          {
  13   1          I2C_SDA=0;
  14   1            I2C_SCL=1;
  15   1          I2C_SDA=1;
  16   1      }
  17          void I2C_SendByte(unsigned char Byte)
  18          {  unsigned char i;
  19   1        for(i=0;i<8;i++)
  20   1        {
  21   2          I2C_SDA=Byte&(0x80>>i);
  22   2          I2C_SCL=1;
  23   2          I2C_SCL=0;
  24   2        }
  25   1      }
  26          unsigned char I2C_ReceiveByte(unsigned char Byte)
  27          {
  28   1        unsigned char i;
  29   1        I2C_SDA=1;
  30   1        for(i=0;i<8;i++)
  31   1        {
  32   2          I2C_SCL=1;
  33   2      if(I2C_SDA){Byte|=(0x80>>i);} 
  34   2        I2C_SCL=0;
  35   2        }
  36   1        
  37   1        return Byte;
  38   1      }
  39          void I2C_SendAck(unsigned char AckBit)
  40          { 
  41   1          I2C_SDA=AckBit;
  42   1          I2C_SCL=1;
  43   1          I2C_SCL=0;
  44   1      }
  45          unsigned char I2C_ReceiveAck()
  46          {
  47   1         unsigned char AckBit;
  48   1        I2C_SDA=1;
  49   1            I2C_SCL=1;
  50   1      AckBit=I2C_SDA;
  51   1              I2C_SCL=0;
  52   1      
  53   1        return AckBit;
  54   1      }
C51 COMPILER V9.54   I2C                                                                   08/29/2020 21:06:06 PAGE 2   

  55          
  56          
  57          
  58          
  59          
  60          


MODULE INFORMATION:   STATIC OVERLAYABLE
   CODE SIZE        =    108    ----
   CONSTANT SIZE    =   ----    ----
   XDATA SIZE       =   ----    ----
   PDATA SIZE       =   ----    ----
   DATA SIZE        =   ----    ----
   IDATA SIZE       =   ----    ----
   BIT SIZE         =   ----    ----
END OF MODULE INFORMATION.


C51 COMPILATION COMPLETE.  0 WARNING(S),  0 ERROR(S)
