C51 COMPILER V9.54   MAIN                                                                  08/29/2020 21:06:05 PAGE 1   


C51 COMPILER V9.54, COMPILATION OF MODULE MAIN
OBJECT MODULE PLACED IN .\Objects\main.obj
COMPILER INVOKED BY: D:\keil5\C51\BIN\C51.EXE main.c OPTIMIZE(8,SPEED) BROWSE DEBUG OBJECTEXTEND PRINT(.\Listings\main.l
                    -st) TABS(2) OBJECT(.\Objects\main.obj)

line level    source

   1          #include "key.h"
   2          #include "timer0.h"
   3          #include "AT24C02.h"
   4          #include "delay.h"
   5          #include "xs.h"
   6          #include <REGX52.H>
   7          unsigned char keyn,run;
   8          unsigned char min,sec,minsec;
   9          void main()
  10          { 
  11   1          Timer0Init();
  12   1            while(1)
  13   1           {
  14   2            keyn=key();
  15   2             if(keyn==1)
  16   2             {run=!run;}
  17   2              if(keyn==2)
  18   2             {min=0;sec=0;minsec=0;}
  19   2              if(keyn==3)
  20   2             {AT24C02_WriteByte(0,min);
  21   3             delay(5);
  22   3               AT24C02_WriteByte(1,sec);
  23   3             delay(5);
  24   3               AT24C02_WriteByte(2,minsec);
  25   3             delay(5);
  26   3             }
  27   2             if(keyn==4)
  28   2             {min=AT24C02_ReadByte(0);
  29   3               sec=AT24C02_ReadByte(1);
  30   3               minsec=AT24C02_ReadByte(2);
  31   3             }
  32   2               set(1,min/10);
  33   2               set(2,min%10);
  34   2              set(3,11);
  35   2             set(4,sec/10);
  36   2             set(5,sec%10);
  37   2             set(6,11);
  38   2             set(7,minsec/10);
  39   2              set(8,minsec%10);      
  40   2             }       
  41   1            }
  42          
  43          void sec_loop()
  44          { if(run)
  45   1        {
  46   2          minsec++;
  47   2        if(minsec>=100)
  48   2        { minsec=0;
  49   3          sec++;
  50   3          if(sec>=60)
  51   3          {
  52   4            sec=0;
  53   4            min++;
  54   4            if(min>=60)
C51 COMPILER V9.54   MAIN                                                                  08/29/2020 21:06:05 PAGE 2   

  55   4            {min=0;}
  56   4          }
  57   3        }
  58   2        }
  59   1        
  60   1      }
  61          void Timer0_Routine() interrupt 1
  62          { static unsigned int c0,c1,c2;
  63   1        TL0 = 0x18;   //设置定时初值
  64   1        TH0 = 0xFC;   //设置定时初值
  65   1        c0++;
  66   1        if(c0>=20)
  67   1        { 
  68   2        c0=0;
  69   2          key_loop();
  70   2        } 
  71   1        c1++;
  72   1        if(c1>=2)
  73   1        {
  74   2        c1=0;
  75   2          sx_loop();
  76   2        }
  77   1        c2++;
  78   1        if(c2>=10)
  79   1        {
  80   2        c2=0;
  81   2          sec_loop();
  82   2        }
  83   1          
  84   1      }
  85          
  86          


MODULE INFORMATION:   STATIC OVERLAYABLE
   CODE SIZE        =    426    ----
   CONSTANT SIZE    =   ----    ----
   XDATA SIZE       =   ----    ----
   PDATA SIZE       =   ----    ----
   DATA SIZE        =     11    ----
   IDATA SIZE       =   ----    ----
   BIT SIZE         =   ----    ----
END OF MODULE INFORMATION.


C51 COMPILATION COMPLETE.  0 WARNING(S),  0 ERROR(S)
