C51 COMPILER V9.54   XS                                                                    08/29/2020 21:06:06 PAGE 1   


C51 COMPILER V9.54, COMPILATION OF MODULE XS
OBJECT MODULE PLACED IN .\Objects\xs.obj
COMPILER INVOKED BY: D:\keil5\C51\BIN\C51.EXE xs.c OPTIMIZE(8,SPEED) BROWSE DEBUG OBJECTEXTEND PRINT(.\Listings\xs.lst) 
                    -TABS(2) OBJECT(.\Objects\xs.obj)

line level    source

   1          #include <REGX52.H>
   2          #include "delay.h"
   3          unsigned char cache[9]={0,10,10,10,10,10,10,10,10};
   4          unsigned char xx[]={0x3f,0x06,0x5b,0x4f,0x66,0x6d,0x7d,0x07,0x7f,0x6f,0x00,0x40};
   5          void set(unsigned loca,num)
   6          { cache[loca]=num;}
   7            
   8          
   9          void sx(unsigned char x,y)
  10          {   P0=0x00;
  11   1           switch(x)
  12   1         {
  13   2           case 1:P2_4=1;P2_3=1;P2_2=1; break;
  14   2           case 2:P2_4=1;P2_3=1;P2_2=0; break;
  15   2           case 3:P2_4=1;P2_3=0;P2_2=1; break;
  16   2      case 4:P2_4=1;P2_3=0;P2_2=0; break;
  17   2      case 5:P2_4=0;P2_3=1;P2_2=1; break;
  18   2      case 6:P2_4=0;P2_3=1;P2_2=0; break;
  19   2      case 7: P2_4=0;P2_3=0;P2_2=1; break;
  20   2      case 8:P2_4=0;P2_3=0;P2_2=0; break;
  21   2              }
  22   1        P0=xx[y];
  23   1      //  delay(1);
  24   1      //  P0=0x00;
  25   1        }
  26          //void main()
  27          //{  
  28          //while(1)
  29          //{
  30          //  sx(1,1);
  31          //  delay(2);
  32          //  sx(2,2);
  33          //   delay(2);
  34          //  sx(3,3);
  35          //   delay(2);
  36          //}
  37          //}
  38          void sx_loop()
  39          {
  40   1        static unsigned char i;
  41   1        sx(i,cache[i]);
  42   1        i++;
  43   1        if(i>=9)
  44   1          i=1;
  45   1      } 
  46             


MODULE INFORMATION:   STATIC OVERLAYABLE
   CODE SIZE        =    136    ----
   CONSTANT SIZE    =   ----    ----
   XDATA SIZE       =   ----    ----
   PDATA SIZE       =   ----    ----
   DATA SIZE        =     22    ----
C51 COMPILER V9.54   XS                                                                    08/29/2020 21:06:06 PAGE 2   

   IDATA SIZE       =   ----    ----
   BIT SIZE         =   ----    ----
END OF MODULE INFORMATION.


C51 COMPILATION COMPLETE.  0 WARNING(S),  0 ERROR(S)
