C51 COMPILER V9.54   LCD                                                                   08/15/2020 08:17:36 PAGE 1   


C51 COMPILER V9.54, COMPILATION OF MODULE LCD
OBJECT MODULE PLACED IN LCD.OBJ
COMPILER INVOKED BY: D:\keil5\C51\BIN\C51.EXE LCD.c OPTIMIZE(8,SPEED) BROWSE DEBUG OBJECTEXTEND TABS(2)

line level    source

   1          #include <REGX52.H>
   2          #include "LCD1602.h"
   3          #include "delay.h"
   4          unsigned int i;
   5          char x[]={'T','O','O','L',' ','B','O','X',' ','B','Y',' ','H','G','E'};
   6          void main()
   7          {
   8   1        LCD_Init();
   9   1      //  LCD_ShowChar(1,1,'A');
  10   1      //  LCD_ShowString(1,2,"HGE-NB");
  11   1      //  LCD_ShowNum(2,1,666,3);
  12   1      //  LCD_ShowSignedNum(2,1,666,3);
  13   1        while(1)
  14   1        {
  15   2            if(P3_1==0)
  16   2         {
  17   3            delay(20);
  18   3          while(P3_1==0);
  19   3            delay(20);
  20   3           for(i=0;i<=14;i++)
  21   3           {
  22   4             LCD_ShowChar(1,2+i,x[i]);
  23   4             delay(300);
  24   4           }
  25   3           
  26   3           
  27   3        }
  28   2      
  29   2      } 
  30   1        }


MODULE INFORMATION:   STATIC OVERLAYABLE
   CODE SIZE        =     73    ----
   CONSTANT SIZE    =   ----    ----
   XDATA SIZE       =   ----    ----
   PDATA SIZE       =   ----    ----
   DATA SIZE        =     17    ----
   IDATA SIZE       =   ----    ----
   BIT SIZE         =   ----    ----
END OF MODULE INFORMATION.


C51 COMPILATION COMPLETE.  0 WARNING(S),  0 ERROR(S)
