C51 COMPILER V9.54   16KEY                                                                 06/30/2021 21:30:45 PAGE 1   


C51 COMPILER V9.54, COMPILATION OF MODULE 16KEY
OBJECT MODULE PLACED IN .\Objects\16key.obj
COMPILER INVOKED BY: D:\keil5\C51\BIN\C51.EXE 16key.c OPTIMIZE(8,SPEED) BROWSE DEBUG OBJECTEXTEND PRINT(.\Listings\16key
                    -.lst) TABS(2) OBJECT(.\Objects\16key.obj)

line level    source

   1          #include <REGX52.H>
   2          #include "delay.h"
   3          unsigned char key16()
   4          { 
   5   1          unsigned char KeyNumber=0;
   6   1            P1=0XFF;
   7   1          P1_3=0;
   8   1          if(P1_7==0){ delay(20);while(P1_7==0);delay(20);KeyNumber=1;}
   9   1              if(P1_6==0){ delay(20);while(P1_6==0);delay(20);KeyNumber=5;}
  10   1          if(P1_5==0){ delay(20);while(P1_5==0);delay(20);KeyNumber=9;}
  11   1          if(P1_4==0){ delay(20);while(P1_4==0);delay(20);KeyNumber=13;}
  12   1         
  13   1            P1=0XFF;
  14   1          P1_2=0;
  15   1          if(P1_7==0){ delay(20);while(P1_7==0);delay(20);KeyNumber=2;}
  16   1            if(P1_6==0){ delay(20);while(P1_6==0);delay(20);KeyNumber=6;}
  17   1          if(P1_5==0){ delay(20);while(P1_5==0);delay(20);KeyNumber=10;}
  18   1          if(P1_4==0){ delay(20);while(P1_4==0);delay(20);KeyNumber=14;}
  19   1          
  20   1              P1=0XFF;
  21   1          P1_1=0;
  22   1          if(P1_7==0){ delay(20);while(P1_7==0);delay(20);KeyNumber=3;}
  23   1            if(P1_6==0){ delay(20);while(P1_6==0);delay(20);KeyNumber=7;}
  24   1          if(P1_5==0){ delay(20);while(P1_5==0);delay(20);KeyNumber=11;}
  25   1          if(P1_4==0){ delay(20);while(P1_4==0);delay(20);KeyNumber=15;}
  26   1          
  27   1          P1=0XFF;
  28   1          P1_0=0;
  29   1          if(P1_7==0){ delay(20);while(P1_7==0);delay(20);KeyNumber=4;}
  30   1            if(P1_6==0){ delay(20);while(P1_6==0);delay(20);KeyNumber=8;}
  31   1          if(P1_5==0){ delay(20);while(P1_5==0);delay(20);KeyNumber=12;}
  32   1          if(P1_4==0){ delay(20);while(P1_4==0);delay(20);KeyNumber=16;}    
  33   1          return KeyNumber;
  34   1      }


MODULE INFORMATION:   STATIC OVERLAYABLE
   CODE SIZE        =    393    ----
   CONSTANT SIZE    =   ----    ----
   XDATA SIZE       =   ----    ----
   PDATA SIZE       =   ----    ----
   DATA SIZE        =   ----       1
   IDATA SIZE       =   ----    ----
   BIT SIZE         =   ----    ----
END OF MODULE INFORMATION.


C51 COMPILATION COMPLETE.  0 WARNING(S),  0 ERROR(S)
