C51 COMPILER V9.54   BZ                                                                    06/30/2021 21:30:45 PAGE 1   


C51 COMPILER V9.54, COMPILATION OF MODULE BZ
OBJECT MODULE PLACED IN .\Objects\bz.obj
COMPILER INVOKED BY: D:\keil5\C51\BIN\C51.EXE bz.c OPTIMIZE(8,SPEED) BROWSE DEBUG OBJECTEXTEND PRINT(.\Listings\bz.lst) 
                    -TABS(2) OBJECT(.\Objects\bz.obj)

line level    source

   1          #include <REGX52.H>
   2          #include <INTRINS.H>
   3          sbit bz=P1^5;
   4          void bz500us()    //@12.000MHz
   5          {
   6   1        unsigned char i;
   7   1      
   8   1        _nop_();
   9   1        i = 247;
  10   1        while (--i);
  11   1      }
  12          
  13          void bztime(unsigned int ms)
  14          {       unsigned int i;
  15   1                for(i=0;i<ms*2;i++)
  16   1               {bz=!bz; bz500us();}
  17   1      
  18   1      }
  19          
  20                   


MODULE INFORMATION:   STATIC OVERLAYABLE
   CODE SIZE        =     40    ----
   CONSTANT SIZE    =   ----    ----
   XDATA SIZE       =   ----    ----
   PDATA SIZE       =   ----    ----
   DATA SIZE        =   ----    ----
   IDATA SIZE       =   ----    ----
   BIT SIZE         =   ----    ----
END OF MODULE INFORMATION.


C51 COMPILATION COMPLETE.  0 WARNING(S),  0 ERROR(S)
